Classic Timing Analyzer report for Lab¹1
Fri Sep 02 12:51:23 2011
Quartus II Version 9.0 Build 132 02/25/2009 SJ Web Edition


---------------------
; Table of Contents ;
---------------------
  1. Legal Notice
  2. Timing Analyzer Summary
  3. Timing Analyzer Settings
  4. tpd
  5. Timing Analyzer Messages



----------------
; Legal Notice ;
----------------
Copyright (C) 1991-2009 Altera Corporation
Your use of Altera Corporation's design tools, logic functions 
and other software and tools, and its AMPP partner logic 
functions, and any output files from any of the foregoing 
(including device programming or simulation files), and any 
associated documentation or information are expressly subject 
to the terms and conditions of the Altera Program License 
Subscription Agreement, Altera MegaCore Function License 
Agreement, or other applicable license agreement, including, 
without limitation, that your use is for the sole purpose of 
programming logic devices manufactured by Altera and sold by 
Altera or its authorized distributors.  Please refer to the 
applicable agreement for further details.



+-----------------------------------------------------------------------------------------------------------------------+
; Timing Analyzer Summary                                                                                               ;
+------------------------------+-------+---------------+-------------+------+----+------------+----------+--------------+
; Type                         ; Slack ; Required Time ; Actual Time ; From ; To ; From Clock ; To Clock ; Failed Paths ;
+------------------------------+-------+---------------+-------------+------+----+------------+----------+--------------+
; Worst-case tpd               ; N/A   ; None          ; 12.495 ns   ; x3   ; f2 ; --         ; --       ; 0            ;
; Total number of failed paths ;       ;               ;             ;      ;    ;            ;          ; 0            ;
+------------------------------+-------+---------------+-------------+------+----+------------+----------+--------------+


+--------------------------------------------------------------------------------------------------------------------+
; Timing Analyzer Settings                                                                                           ;
+---------------------------------------------------------------------+--------------------+------+----+-------------+
; Option                                                              ; Setting            ; From ; To ; Entity Name ;
+---------------------------------------------------------------------+--------------------+------+----+-------------+
; Device Name                                                         ; EP2C8F256C8        ;      ;    ;             ;
; Timing Models                                                       ; Final              ;      ;    ;             ;
; Default hold multicycle                                             ; Same as Multicycle ;      ;    ;             ;
; Cut paths between unrelated clock domains                           ; On                 ;      ;    ;             ;
; Cut off read during write signal paths                              ; On                 ;      ;    ;             ;
; Cut off feedback from I/O pins                                      ; On                 ;      ;    ;             ;
; Report Combined Fast/Slow Timing                                    ; Off                ;      ;    ;             ;
; Ignore Clock Settings                                               ; Off                ;      ;    ;             ;
; Analyze latches as synchronous elements                             ; On                 ;      ;    ;             ;
; Enable Recovery/Removal analysis                                    ; Off                ;      ;    ;             ;
; Enable Clock Latency                                                ; Off                ;      ;    ;             ;
; Use TimeQuest Timing Analyzer                                       ; Off                ;      ;    ;             ;
; Minimum Core Junction Temperature                                   ; 0                  ;      ;    ;             ;
; Maximum Core Junction Temperature                                   ; 85                 ;      ;    ;             ;
; Number of source nodes to report per destination node               ; 10                 ;      ;    ;             ;
; Number of destination nodes to report                               ; 10                 ;      ;    ;             ;
; Number of paths to report                                           ; 200                ;      ;    ;             ;
; Report Minimum Timing Checks                                        ; Off                ;      ;    ;             ;
; Use Fast Timing Models                                              ; Off                ;      ;    ;             ;
; Report IO Paths Separately                                          ; Off                ;      ;    ;             ;
; Perform Multicorner Analysis                                        ; On                 ;      ;    ;             ;
; Reports the worst-case path for each clock domain and analysis      ; Off                ;      ;    ;             ;
; Removes common clock path pessimism (CCPP) during slack computation ; Off                ;      ;    ;             ;
; Output I/O Timing Endpoint                                          ; Near End           ;      ;    ;             ;
+---------------------------------------------------------------------+--------------------+------+----+-------------+


+---------------------------------------------------------+
; tpd                                                     ;
+-------+-------------------+-----------------+------+----+
; Slack ; Required P2P Time ; Actual P2P Time ; From ; To ;
+-------+-------------------+-----------------+------+----+
; N/A   ; None              ; 12.495 ns       ; x3   ; f2 ;
; N/A   ; None              ; 12.396 ns       ; x3   ; f3 ;
; N/A   ; None              ; 12.389 ns       ; x3   ; f1 ;
; N/A   ; None              ; 11.850 ns       ; x1   ; f2 ;
; N/A   ; None              ; 11.749 ns       ; x1   ; f3 ;
; N/A   ; None              ; 11.735 ns       ; x1   ; f1 ;
; N/A   ; None              ; 11.723 ns       ; x4   ; f2 ;
; N/A   ; None              ; 11.700 ns       ; x2   ; f2 ;
; N/A   ; None              ; 11.623 ns       ; x4   ; f3 ;
; N/A   ; None              ; 11.609 ns       ; x4   ; f1 ;
; N/A   ; None              ; 11.600 ns       ; x2   ; f3 ;
; N/A   ; None              ; 11.586 ns       ; x2   ; f1 ;
+-------+-------------------+-----------------+------+----+


+--------------------------+
; Timing Analyzer Messages ;
+--------------------------+
Info: *******************************************************************
Info: Running Quartus II Classic Timing Analyzer
    Info: Version 9.0 Build 132 02/25/2009 SJ Web Edition
    Info: Processing started: Fri Sep 02 12:51:22 2011
Info: Command: quartus_tan --read_settings_files=off --write_settings_files=off Lab¹1 -c Lab¹1 --timing_analysis_only
Info: Longest tpd from source pin "x3" to destination pin "f2" is 12.495 ns
    Info: 1: + IC(0.000 ns) + CELL(0.925 ns) = 0.925 ns; Loc. = PIN_K7; Fanout = 3; PIN Node = 'x3'
    Info: 2: + IC(6.524 ns) + CELL(0.206 ns) = 7.655 ns; Loc. = LCCOMB_X1_Y5_N26; Fanout = 1; COMB Node = 'K155LA1:inst7|inst~0'
    Info: 3: + IC(1.978 ns) + CELL(2.862 ns) = 12.495 ns; Loc. = PIN_E3; Fanout = 0; PIN Node = 'f2'
    Info: Total cell delay = 3.993 ns ( 31.96 % )
    Info: Total interconnect delay = 8.502 ns ( 68.04 % )
Info: Quartus II Classic Timing Analyzer was successful. 0 errors, 0 warnings
    Info: Peak virtual memory: 157 megabytes
    Info: Processing ended: Fri Sep 02 12:51:23 2011
    Info: Elapsed time: 00:00:01
    Info: Total CPU time (on all processors): 00:00:01


