Quine Mc Cluskey 3.24    (c)89-08 by http://www.iapetus.ch/software
-----------------------------------------------------------------------
Started at 18.05.2008 17:39:38


Start of source file D:\recieved\Quine Mc Cluskey 3.10\demo\BILLET.QMC
-----------------------------------------------------------------------


; Aufgaben Digitaltechnik 1
; Aufgabe 5
; 04.05.95 M.Wieser

.eing Te Tr G G2
.ausg P_ E_ R_

.form dnf knf anf
.rest 011
.resultat gleichung schema tabelle


1100 -> 000
001X -> 110
1110 -> 101


-----------------------------------------------------------------------
End of source file D:\recieved\Quine Mc Cluskey 3.10\demo\BILLET.QMC


Quine Mc Cluskey 3.24    (c)89-08 by http://www.iapetus.ch/software
-----------------------------------------------------------------------
Calculated minimized disjunktive forms for output number 1:

P_       =  (/Te * /Tr *  G ) +
            ( Te *  Tr *  G * /G2 ) 

þTe
³ þTr
³ ³ þG
³ ³ ³ þG2
³ ³ ³ ³    ÚÄÄÄÄÄ¿    
³ ³ ÃÄÅÄÄÄÄ´  &  ³    
³ ÃÄÅÄÅÄÄÄo³     ÃÄÄÄ¿
ÃÄÅÄÅÄÅÄÄÄo³     ³   ³
³ ³ ³ ³    ÀÄÄÄÄÄÙ   ³ ÚÄÄÄÄÄ¿  
³ ³ ³ ³    ÚÄÄÄÄÄ¿   ÀÄ´ ò1  ÃÄÄÄÄþP_
³ ³ ³ ÀÄÄÄo³  &  ³   ÚÄ´     ³  
³ ³ ÀÄÄÄÄÄÄ´     ÃÄÄÄÙ ÀÄÄÄÄÄÙ  
³ ÀÄÄÄÄÄÄÄÄ´     ³    
ÀÄÄÄÄÄÄÄÄÄÄ´     ³    
           ÀÄÄÄÄÄÙ    




No other solutions for output number 1.
-----------------------------------------------------------------------


Quine Mc Cluskey 3.24    (c)89-08 by http://www.iapetus.ch/software
-----------------------------------------------------------------------
Calculated minimized disjunktive forms for output number 2:

E_       =  (/Te ) +
            ( G2 ) +
            (/Tr ) 

þTe
³ þTr
³ ³ þG2
³ ³ ³    ÚÄÄÄÄÄ¿     
ÀÄÅÄÅÄÄÄÄ´  1  ³oÄÄÄ¿ ÚÄÄÄÄÄ¿  
  ³ ³    ÀÄÄÄÄÄÙ    ÀÄ´ ò1  ³  
  ³ ÀÄÄÄÄÄÄÄÄÄÄÄÄÄÄÄÄÄ´     ÃÄÄÄÄþE_
  ³      ÚÄÄÄÄÄ¿    ÚÄ´     ³  
  ÀÄÄÄÄÄÄ´  1  ³oÄÄÄÙ ÀÄÄÄÄÄÙ  
         ÀÄÄÄÄÄÙ     




No other solutions for output number 2.
-----------------------------------------------------------------------


Quine Mc Cluskey 3.24    (c)89-08 by http://www.iapetus.ch/software
-----------------------------------------------------------------------
Calculated minimized disjunktive forms for output number 3:

R_       =  ( Tr *  G ) +
            (/Tr * /G ) +
            ( Te *  G ) +
            (/Te * /G ) +
            (/G *  G2 ) 

þTe
³ þTr
³ ³ þG
³ ³ ³ þG2
³ ³ ³ ³    ÚÄÄÄÄÄ¿       
³ ³ ÃÄÅÄÄÄÄ´  &  ÃÄÄÄÄÄÄ¿
³ ÃÄÅÄÅÄÄÄÄ´     ³      ³
³ ³ ³ ³    ÀÄÄÄÄÄÙ      ³
³ ³ ³ ³    ÚÄÄÄÄÄ¿      ³
³ ³ ÃÄÅÄÄÄo³  &  ÃÄÄÄÄÄ¿³
³ ÀÄÅÄÅÄÄÄo³     ³     ³³ ÚÄÄÄÄÄ¿  
³   ³ ³    ÀÄÄÄÄÄÙ     ³ÀÄ´ ò1  ³  
³   ³ ³    ÚÄÄÄÄÄ¿     ÀÄÄ´     ³  
³   ÃÄÅÄÄÄÄ´  &  ÃÄÄÄÄÄÄÄÄ´     ÃÄÄÄÄþR_
ÃÄÄÄÅÄÅÄÄÄÄ´     ³     ÚÄÄ´     ³  
³   ³ ³    ÀÄÄÄÄÄÙ     ³ÚÄ´     ³  
³   ³ ³    ÚÄÄÄÄÄ¿     ³³ ÀÄÄÄÄÄÙ  
³   ÃÄÅÄÄÄo³  &  ÃÄÄÄÄÄÙ³
ÀÄÄÄÅÄÅÄÄÄo³     ³      ³
    ³ ³    ÀÄÄÄÄÄÙ      ³
    ³ ³    ÚÄÄÄÄÄ¿      ³
    ³ ÀÄÄÄÄ´  &  ÃÄÄÄÄÄÄÙ
    ÀÄÄÄÄÄo³     ³       
           ÀÄÄÄÄÄÙ       



R_       =  ( Te *  G2 ) +
            ( Tr *  G ) +
            (/Tr * /G ) +
            ( Te *  G ) +
            (/Te * /G ) 

þTe
³ þTr
³ ³ þG
³ ³ ³ þG2
³ ³ ³ ³    ÚÄÄÄÄÄ¿       
³ ³ ³ ÀÄÄÄÄ´  &  ÃÄÄÄÄÄÄ¿
ÃÄÅÄÅÄÄÄÄÄÄ´     ³      ³
³ ³ ³      ÀÄÄÄÄÄÙ      ³
³ ³ ³      ÚÄÄÄÄÄ¿      ³
³ ³ ÃÄÄÄÄÄÄ´  &  ÃÄÄÄÄÄ¿³
³ ÃÄÅÄÄÄÄÄÄ´     ³     ³³ ÚÄÄÄÄÄ¿  
³ ³ ³      ÀÄÄÄÄÄÙ     ³ÀÄ´ ò1  ³  
³ ³ ³      ÚÄÄÄÄÄ¿     ÀÄÄ´     ³  
³ ³ ÃÄÄÄÄÄo³  &  ÃÄÄÄÄÄÄÄÄ´     ÃÄÄÄÄþR_
³ ÀÄÅÄÄÄÄÄo³     ³     ÚÄÄ´     ³  
³   ³      ÀÄÄÄÄÄÙ     ³ÚÄ´     ³  
³   ³      ÚÄÄÄÄÄ¿     ³³ ÀÄÄÄÄÄÙ  
³   ÃÄÄÄÄÄÄ´  &  ÃÄÄÄÄÄÙ³
ÃÄÄÄÅÄÄÄÄÄÄ´     ³      ³
³   ³      ÀÄÄÄÄÄÙ      ³
³   ³      ÚÄÄÄÄÄ¿      ³
³   ÀÄÄÄÄÄo³  &  ÃÄÄÄÄÄÄÙ
ÀÄÄÄÄÄÄÄÄÄo³     ³       
           ÀÄÄÄÄÄÙ       



R_       =  ( Tr *  G2 ) +
            ( Tr *  G ) +
            (/Tr * /G ) +
            ( Te *  G ) +
            (/Te * /G ) 

þTe
³ þTr
³ ³ þG
³ ³ ³ þG2
³ ³ ³ ³    ÚÄÄÄÄÄ¿       
³ ³ ³ ÀÄÄÄÄ´  &  ÃÄÄÄÄÄÄ¿
³ ÃÄÅÄÄÄÄÄÄ´     ³      ³
³ ³ ³      ÀÄÄÄÄÄÙ      ³
³ ³ ³      ÚÄÄÄÄÄ¿      ³
³ ³ ÃÄÄÄÄÄÄ´  &  ÃÄÄÄÄÄ¿³
³ ÃÄÅÄÄÄÄÄÄ´     ³     ³³ ÚÄÄÄÄÄ¿  
³ ³ ³      ÀÄÄÄÄÄÙ     ³ÀÄ´ ò1  ³  
³ ³ ³      ÚÄÄÄÄÄ¿     ÀÄÄ´     ³  
³ ³ ÃÄÄÄÄÄo³  &  ÃÄÄÄÄÄÄÄÄ´     ÃÄÄÄÄþR_
³ ÀÄÅÄÄÄÄÄo³     ³     ÚÄÄ´     ³  
³   ³      ÀÄÄÄÄÄÙ     ³ÚÄ´     ³  
³   ³      ÚÄÄÄÄÄ¿     ³³ ÀÄÄÄÄÄÙ  
³   ÃÄÄÄÄÄÄ´  &  ÃÄÄÄÄÄÙ³
ÃÄÄÄÅÄÄÄÄÄÄ´     ³      ³
³   ³      ÀÄÄÄÄÄÙ      ³
³   ³      ÚÄÄÄÄÄ¿      ³
³   ÀÄÄÄÄÄo³  &  ÃÄÄÄÄÄÄÙ
ÀÄÄÄÄÄÄÄÄÄo³     ³       
           ÀÄÄÄÄÄÙ       



R_       =  (/Te *  Tr ) +
            ( Tr *  G ) +
            (/Tr * /G ) +
            ( Te *  G ) +
            (/G *  G2 ) 

þTe
³ þTr
³ ³ þG
³ ³ ³ þG2
³ ³ ³ ³    ÚÄÄÄÄÄ¿       
³ ÃÄÅÄÅÄÄÄÄ´  &  ÃÄÄÄÄÄÄ¿
ÃÄÅÄÅÄÅÄÄÄo³     ³      ³
³ ³ ³ ³    ÀÄÄÄÄÄÙ      ³
³ ³ ³ ³    ÚÄÄÄÄÄ¿      ³
³ ³ ÃÄÅÄÄÄÄ´  &  ÃÄÄÄÄÄ¿³
³ ÃÄÅÄÅÄÄÄÄ´     ³     ³³ ÚÄÄÄÄÄ¿  
³ ³ ³ ³    ÀÄÄÄÄÄÙ     ³ÀÄ´ ò1  ³  
³ ³ ³ ³    ÚÄÄÄÄÄ¿     ÀÄÄ´     ³  
³ ³ ÃÄÅÄÄÄo³  &  ÃÄÄÄÄÄÄÄÄ´     ÃÄÄÄÄþR_
³ ÀÄÅÄÅÄÄÄo³     ³     ÚÄÄ´     ³  
³   ³ ³    ÀÄÄÄÄÄÙ     ³ÚÄ´     ³  
³   ³ ³    ÚÄÄÄÄÄ¿     ³³ ÀÄÄÄÄÄÙ  
³   ÃÄÅÄÄÄÄ´  &  ÃÄÄÄÄÄÙ³
ÀÄÄÄÅÄÅÄÄÄÄ´     ³      ³
    ³ ³    ÀÄÄÄÄÄÙ      ³
    ³ ³    ÚÄÄÄÄÄ¿      ³
    ³ ÀÄÄÄÄ´  &  ÃÄÄÄÄÄÄÙ
    ÀÄÄÄÄÄo³     ³       
           ÀÄÄÄÄÄÙ       



R_       =  (/Te *  Tr ) +
            ( Tr *  G2 ) +
            ( Tr *  G ) +
            (/Tr * /G ) +
            ( Te *  G ) 

þTe
³ þTr
³ ³ þG
³ ³ ³ þG2
³ ³ ³ ³    ÚÄÄÄÄÄ¿       
³ ÃÄÅÄÅÄÄÄÄ´  &  ÃÄÄÄÄÄÄ¿
ÃÄÅÄÅÄÅÄÄÄo³     ³      ³
³ ³ ³ ³    ÀÄÄÄÄÄÙ      ³
³ ³ ³ ³    ÚÄÄÄÄÄ¿      ³
³ ³ ³ ÀÄÄÄÄ´  &  ÃÄÄÄÄÄ¿³
³ ÃÄÅÄÄÄÄÄÄ´     ³     ³³ ÚÄÄÄÄÄ¿  
³ ³ ³      ÀÄÄÄÄÄÙ     ³ÀÄ´ ò1  ³  
³ ³ ³      ÚÄÄÄÄÄ¿     ÀÄÄ´     ³  
³ ³ ÃÄÄÄÄÄÄ´  &  ÃÄÄÄÄÄÄÄÄ´     ÃÄÄÄÄþR_
³ ÃÄÅÄÄÄÄÄÄ´     ³     ÚÄÄ´     ³  
³ ³ ³      ÀÄÄÄÄÄÙ     ³ÚÄ´     ³  
³ ³ ³      ÚÄÄÄÄÄ¿     ³³ ÀÄÄÄÄÄÙ  
³ ³ ÃÄÄÄÄÄo³  &  ÃÄÄÄÄÄÙ³
³ ÀÄÅÄÄÄÄÄo³     ³      ³
³   ³      ÀÄÄÄÄÄÙ      ³
³   ³      ÚÄÄÄÄÄ¿      ³
³   ÀÄÄÄÄÄÄ´  &  ÃÄÄÄÄÄÄÙ
ÀÄÄÄÄÄÄÄÄÄÄ´     ³       
           ÀÄÄÄÄÄÙ       



R_       =  (/Te *  Tr ) +
            ( Te *  G2 ) +
            ( Tr *  G ) +
            (/Tr * /G ) +
            ( Te *  G ) 

þTe
³ þTr
³ ³ þG
³ ³ ³ þG2
³ ³ ³ ³    ÚÄÄÄÄÄ¿       
³ ÃÄÅÄÅÄÄÄÄ´  &  ÃÄÄÄÄÄÄ¿
ÃÄÅÄÅÄÅÄÄÄo³     ³      ³
³ ³ ³ ³    ÀÄÄÄÄÄÙ      ³
³ ³ ³ ³    ÚÄÄÄÄÄ¿      ³
³ ³ ³ ÀÄÄÄÄ´  &  ÃÄÄÄÄÄ¿³
ÃÄÅÄÅÄÄÄÄÄÄ´     ³     ³³ ÚÄÄÄÄÄ¿  
³ ³ ³      ÀÄÄÄÄÄÙ     ³ÀÄ´ ò1  ³  
³ ³ ³      ÚÄÄÄÄÄ¿     ÀÄÄ´     ³  
³ ³ ÃÄÄÄÄÄÄ´  &  ÃÄÄÄÄÄÄÄÄ´     ÃÄÄÄÄþR_
³ ÃÄÅÄÄÄÄÄÄ´     ³     ÚÄÄ´     ³  
³ ³ ³      ÀÄÄÄÄÄÙ     ³ÚÄ´     ³  
³ ³ ³      ÚÄÄÄÄÄ¿     ³³ ÀÄÄÄÄÄÙ  
³ ³ ÃÄÄÄÄÄo³  &  ÃÄÄÄÄÄÙ³
³ ÀÄÅÄÄÄÄÄo³     ³      ³
³   ³      ÀÄÄÄÄÄÙ      ³
³   ³      ÚÄÄÄÄÄ¿      ³
³   ÀÄÄÄÄÄÄ´  &  ÃÄÄÄÄÄÄÙ
ÀÄÄÄÄÄÄÄÄÄÄ´     ³       
           ÀÄÄÄÄÄÙ       



R_       =  ( Te * /Tr ) +
            ( Tr *  G ) +
            (/Tr * /G ) +
            (/Te * /G ) +
            (/G *  G2 ) 

þTe
³ þTr
³ ³ þG
³ ³ ³ þG2
³ ³ ³ ³    ÚÄÄÄÄÄ¿       
³ ÃÄÅÄÅÄÄÄo³  &  ÃÄÄÄÄÄÄ¿
ÃÄÅÄÅÄÅÄÄÄÄ´     ³      ³
³ ³ ³ ³    ÀÄÄÄÄÄÙ      ³
³ ³ ³ ³    ÚÄÄÄÄÄ¿      ³
³ ³ ÃÄÅÄÄÄÄ´  &  ÃÄÄÄÄÄ¿³
³ ÃÄÅÄÅÄÄÄÄ´     ³     ³³ ÚÄÄÄÄÄ¿  
³ ³ ³ ³    ÀÄÄÄÄÄÙ     ³ÀÄ´ ò1  ³  
³ ³ ³ ³    ÚÄÄÄÄÄ¿     ÀÄÄ´     ³  
³ ³ ÃÄÅÄÄÄo³  &  ÃÄÄÄÄÄÄÄÄ´     ÃÄÄÄÄþR_
³ ÀÄÅÄÅÄÄÄo³     ³     ÚÄÄ´     ³  
³   ³ ³    ÀÄÄÄÄÄÙ     ³ÚÄ´     ³  
³   ³ ³    ÚÄÄÄÄÄ¿     ³³ ÀÄÄÄÄÄÙ  
³   ÃÄÅÄÄÄo³  &  ÃÄÄÄÄÄÙ³
ÀÄÄÄÅÄÅÄÄÄo³     ³      ³
    ³ ³    ÀÄÄÄÄÄÙ      ³
    ³ ³    ÚÄÄÄÄÄ¿      ³
    ³ ÀÄÄÄÄ´  &  ÃÄÄÄÄÄÄÙ
    ÀÄÄÄÄÄo³     ³       
           ÀÄÄÄÄÄÙ       



R_       =  ( Te * /Tr ) +
            ( Te *  G2 ) +
            ( Tr *  G ) +
            (/Tr * /G ) +
            (/Te * /G ) 

þTe
³ þTr
³ ³ þG
³ ³ ³ þG2
³ ³ ³ ³    ÚÄÄÄÄÄ¿       
³ ÃÄÅÄÅÄÄÄo³  &  ÃÄÄÄÄÄÄ¿
ÃÄÅÄÅÄÅÄÄÄÄ´     ³      ³
³ ³ ³ ³    ÀÄÄÄÄÄÙ      ³
³ ³ ³ ³    ÚÄÄÄÄÄ¿      ³
³ ³ ³ ÀÄÄÄÄ´  &  ÃÄÄÄÄÄ¿³
ÃÄÅÄÅÄÄÄÄÄÄ´     ³     ³³ ÚÄÄÄÄÄ¿  
³ ³ ³      ÀÄÄÄÄÄÙ     ³ÀÄ´ ò1  ³  
³ ³ ³      ÚÄÄÄÄÄ¿     ÀÄÄ´     ³  
³ ³ ÃÄÄÄÄÄÄ´  &  ÃÄÄÄÄÄÄÄÄ´     ÃÄÄÄÄþR_
³ ÃÄÅÄÄÄÄÄÄ´     ³     ÚÄÄ´     ³  
³ ³ ³      ÀÄÄÄÄÄÙ     ³ÚÄ´     ³  
³ ³ ³      ÚÄÄÄÄÄ¿     ³³ ÀÄÄÄÄÄÙ  
³ ³ ÃÄÄÄÄÄo³  &  ÃÄÄÄÄÄÙ³
³ ÀÄÅÄÄÄÄÄo³     ³      ³
³   ³      ÀÄÄÄÄÄÙ      ³
³   ³      ÚÄÄÄÄÄ¿      ³
³   ÀÄÄÄÄÄo³  &  ÃÄÄÄÄÄÄÙ
ÀÄÄÄÄÄÄÄÄÄo³     ³       
           ÀÄÄÄÄÄÙ       



R_       =  ( Te * /Tr ) +
            ( Tr *  G2 ) +
            ( Tr *  G ) +
            (/Tr * /G ) +
            (/Te * /G ) 

þTe
³ þTr
³ ³ þG
³ ³ ³ þG2
³ ³ ³ ³    ÚÄÄÄÄÄ¿       
³ ÃÄÅÄÅÄÄÄo³  &  ÃÄÄÄÄÄÄ¿
ÃÄÅÄÅÄÅÄÄÄÄ´     ³      ³
³ ³ ³ ³    ÀÄÄÄÄÄÙ      ³
³ ³ ³ ³    ÚÄÄÄÄÄ¿      ³
³ ³ ³ ÀÄÄÄÄ´  &  ÃÄÄÄÄÄ¿³
³ ÃÄÅÄÄÄÄÄÄ´     ³     ³³ ÚÄÄÄÄÄ¿  
³ ³ ³      ÀÄÄÄÄÄÙ     ³ÀÄ´ ò1  ³  
³ ³ ³      ÚÄÄÄÄÄ¿     ÀÄÄ´     ³  
³ ³ ÃÄÄÄÄÄÄ´  &  ÃÄÄÄÄÄÄÄÄ´     ÃÄÄÄÄþR_
³ ÃÄÅÄÄÄÄÄÄ´     ³     ÚÄÄ´     ³  
³ ³ ³      ÀÄÄÄÄÄÙ     ³ÚÄ´     ³  
³ ³ ³      ÚÄÄÄÄÄ¿     ³³ ÀÄÄÄÄÄÙ  
³ ³ ÃÄÄÄÄÄo³  &  ÃÄÄÄÄÄÙ³
³ ÀÄÅÄÄÄÄÄo³     ³      ³
³   ³      ÀÄÄÄÄÄÙ      ³
³   ³      ÚÄÄÄÄÄ¿      ³
³   ÀÄÄÄÄÄo³  &  ÃÄÄÄÄÄÄÙ
ÀÄÄÄÄÄÄÄÄÄo³     ³       
           ÀÄÄÄÄÄÙ       



R_       =  (/Te *  Tr ) +
            (/Tr * /G ) +
            ( Te *  G ) +
            (/G *  G2 ) 

þTe
³ þTr
³ ³ þG
³ ³ ³ þG2
³ ³ ³ ³    ÚÄÄÄÄÄ¿      
³ ÃÄÅÄÅÄÄÄÄ´  &  ÃÄÄÄÄÄ¿
ÃÄÅÄÅÄÅÄÄÄo³     ³     ³
³ ³ ³ ³    ÀÄÄÄÄÄÙ     ³
³ ³ ³ ³    ÚÄÄÄÄÄ¿     ³
³ ³ ÃÄÅÄÄÄo³  &  ÃÄÄÄÄ¿³ ÚÄÄÄÄÄ¿  
³ ÀÄÅÄÅÄÄÄo³     ³    ³ÀÄ´ ò1  ³  
³   ³ ³    ÀÄÄÄÄÄÙ    ÀÄÄ´     ÃÄÄÄÄþR_
³   ³ ³    ÚÄÄÄÄÄ¿    ÚÄÄ´     ³  
³   ÃÄÅÄÄÄÄ´  &  ÃÄÄÄÄÙÚÄ´     ³  
ÀÄÄÄÅÄÅÄÄÄÄ´     ³     ³ ÀÄÄÄÄÄÙ  
    ³ ³    ÀÄÄÄÄÄÙ     ³
    ³ ³    ÚÄÄÄÄÄ¿     ³
    ³ ÀÄÄÄÄ´  &  ÃÄÄÄÄÄÙ
    ÀÄÄÄÄÄo³     ³      
           ÀÄÄÄÄÄÙ      



R_       =  (/Te *  Tr ) +
            ( Tr *  G2 ) +
            (/Tr * /G ) +
            ( Te *  G ) 

þTe
³ þTr
³ ³ þG
³ ³ ³ þG2
³ ³ ³ ³    ÚÄÄÄÄÄ¿      
³ ÃÄÅÄÅÄÄÄÄ´  &  ÃÄÄÄÄÄ¿
ÃÄÅÄÅÄÅÄÄÄo³     ³     ³
³ ³ ³ ³    ÀÄÄÄÄÄÙ     ³
³ ³ ³ ³    ÚÄÄÄÄÄ¿     ³
³ ³ ³ ÀÄÄÄÄ´  &  ÃÄÄÄÄ¿³ ÚÄÄÄÄÄ¿  
³ ÃÄÅÄÄÄÄÄÄ´     ³    ³ÀÄ´ ò1  ³  
³ ³ ³      ÀÄÄÄÄÄÙ    ÀÄÄ´     ÃÄÄÄÄþR_
³ ³ ³      ÚÄÄÄÄÄ¿    ÚÄÄ´     ³  
³ ³ ÃÄÄÄÄÄo³  &  ÃÄÄÄÄÙÚÄ´     ³  
³ ÀÄÅÄÄÄÄÄo³     ³     ³ ÀÄÄÄÄÄÙ  
³   ³      ÀÄÄÄÄÄÙ     ³
³   ³      ÚÄÄÄÄÄ¿     ³
³   ÀÄÄÄÄÄÄ´  &  ÃÄÄÄÄÄÙ
ÀÄÄÄÄÄÄÄÄÄÄ´     ³      
           ÀÄÄÄÄÄÙ      



R_       =  (/Te *  Tr ) +
            ( Te *  G2 ) +
            (/Tr * /G ) +
            ( Te *  G ) 

þTe
³ þTr
³ ³ þG
³ ³ ³ þG2
³ ³ ³ ³    ÚÄÄÄÄÄ¿      
³ ÃÄÅÄÅÄÄÄÄ´  &  ÃÄÄÄÄÄ¿
ÃÄÅÄÅÄÅÄÄÄo³     ³     ³
³ ³ ³ ³    ÀÄÄÄÄÄÙ     ³
³ ³ ³ ³    ÚÄÄÄÄÄ¿     ³
³ ³ ³ ÀÄÄÄÄ´  &  ÃÄÄÄÄ¿³ ÚÄÄÄÄÄ¿  
ÃÄÅÄÅÄÄÄÄÄÄ´     ³    ³ÀÄ´ ò1  ³  
³ ³ ³      ÀÄÄÄÄÄÙ    ÀÄÄ´     ÃÄÄÄÄþR_
³ ³ ³      ÚÄÄÄÄÄ¿    ÚÄÄ´     ³  
³ ³ ÃÄÄÄÄÄo³  &  ÃÄÄÄÄÙÚÄ´     ³  
³ ÀÄÅÄÄÄÄÄo³     ³     ³ ÀÄÄÄÄÄÙ  
³   ³      ÀÄÄÄÄÄÙ     ³
³   ³      ÚÄÄÄÄÄ¿     ³
³   ÀÄÄÄÄÄÄ´  &  ÃÄÄÄÄÄÙ
ÀÄÄÄÄÄÄÄÄÄÄ´     ³      
           ÀÄÄÄÄÄÙ      



R_       =  ( Te * /Tr ) +
            ( Tr *  G ) +
            (/Te * /G ) +
            (/G *  G2 ) 

þTe
³ þTr
³ ³ þG
³ ³ ³ þG2
³ ³ ³ ³    ÚÄÄÄÄÄ¿      
³ ÃÄÅÄÅÄÄÄo³  &  ÃÄÄÄÄÄ¿
ÃÄÅÄÅÄÅÄÄÄÄ´     ³     ³
³ ³ ³ ³    ÀÄÄÄÄÄÙ     ³
³ ³ ³ ³    ÚÄÄÄÄÄ¿     ³
³ ³ ÃÄÅÄÄÄÄ´  &  ÃÄÄÄÄ¿³ ÚÄÄÄÄÄ¿  
³ ÀÄÅÄÅÄÄÄÄ´     ³    ³ÀÄ´ ò1  ³  
³   ³ ³    ÀÄÄÄÄÄÙ    ÀÄÄ´     ÃÄÄÄÄþR_
³   ³ ³    ÚÄÄÄÄÄ¿    ÚÄÄ´     ³  
³   ÃÄÅÄÄÄo³  &  ÃÄÄÄÄÙÚÄ´     ³  
ÀÄÄÄÅÄÅÄÄÄo³     ³     ³ ÀÄÄÄÄÄÙ  
    ³ ³    ÀÄÄÄÄÄÙ     ³
    ³ ³    ÚÄÄÄÄÄ¿     ³
    ³ ÀÄÄÄÄ´  &  ÃÄÄÄÄÄÙ
    ÀÄÄÄÄÄo³     ³      
           ÀÄÄÄÄÄÙ      



R_       =  ( Te * /Tr ) +
            ( Te *  G2 ) +
            ( Tr *  G ) +
            (/Te * /G ) 

þTe
³ þTr
³ ³ þG
³ ³ ³ þG2
³ ³ ³ ³    ÚÄÄÄÄÄ¿      
³ ÃÄÅÄÅÄÄÄo³  &  ÃÄÄÄÄÄ¿
ÃÄÅÄÅÄÅÄÄÄÄ´     ³     ³
³ ³ ³ ³    ÀÄÄÄÄÄÙ     ³
³ ³ ³ ³    ÚÄÄÄÄÄ¿     ³
³ ³ ³ ÀÄÄÄÄ´  &  ÃÄÄÄÄ¿³ ÚÄÄÄÄÄ¿  
ÃÄÅÄÅÄÄÄÄÄÄ´     ³    ³ÀÄ´ ò1  ³  
³ ³ ³      ÀÄÄÄÄÄÙ    ÀÄÄ´     ÃÄÄÄÄþR_
³ ³ ³      ÚÄÄÄÄÄ¿    ÚÄÄ´     ³  
³ ³ ÃÄÄÄÄÄÄ´  &  ÃÄÄÄÄÙÚÄ´     ³  
³ ÀÄÅÄÄÄÄÄÄ´     ³     ³ ÀÄÄÄÄÄÙ  
³   ³      ÀÄÄÄÄÄÙ     ³
³   ³      ÚÄÄÄÄÄ¿     ³
³   ÀÄÄÄÄÄo³  &  ÃÄÄÄÄÄÙ
ÀÄÄÄÄÄÄÄÄÄo³     ³      
           ÀÄÄÄÄÄÙ      



R_       =  ( Te * /Tr ) +
            ( Tr *  G2 ) +
            ( Tr *  G ) +
            (/Te * /G ) 

þTe
³ þTr
³ ³ þG
³ ³ ³ þG2
³ ³ ³ ³    ÚÄÄÄÄÄ¿      
³ ÃÄÅÄÅÄÄÄo³  &  ÃÄÄÄÄÄ¿
ÃÄÅÄÅÄÅÄÄÄÄ´     ³     ³
³ ³ ³ ³    ÀÄÄÄÄÄÙ     ³
³ ³ ³ ³    ÚÄÄÄÄÄ¿     ³
³ ³ ³ ÀÄÄÄÄ´  &  ÃÄÄÄÄ¿³ ÚÄÄÄÄÄ¿  
³ ÃÄÅÄÄÄÄÄÄ´     ³    ³ÀÄ´ ò1  ³  
³ ³ ³      ÀÄÄÄÄÄÙ    ÀÄÄ´     ÃÄÄÄÄþR_
³ ³ ³      ÚÄÄÄÄÄ¿    ÚÄÄ´     ³  
³ ³ ÃÄÄÄÄÄÄ´  &  ÃÄÄÄÄÙÚÄ´     ³  
³ ÀÄÅÄÄÄÄÄÄ´     ³     ³ ÀÄÄÄÄÄÙ  
³   ³      ÀÄÄÄÄÄÙ     ³
³   ³      ÚÄÄÄÄÄ¿     ³
³   ÀÄÄÄÄÄo³  &  ÃÄÄÄÄÄÙ
ÀÄÄÄÄÄÄÄÄÄo³     ³      
           ÀÄÄÄÄÄÙ      



R_       =  ( Te * /Tr ) +
            (/Te *  Tr ) +
            ( Te *  G ) +
            (/Te * /G ) +
            (/G *  G2 ) 

þTe
³ þTr
³ ³ þG
³ ³ ³ þG2
³ ³ ³ ³    ÚÄÄÄÄÄ¿       
³ ÃÄÅÄÅÄÄÄo³  &  ÃÄÄÄÄÄÄ¿
ÃÄÅÄÅÄÅÄÄÄÄ´     ³      ³
³ ³ ³ ³    ÀÄÄÄÄÄÙ      ³
³ ³ ³ ³    ÚÄÄÄÄÄ¿      ³
³ ÀÄÅÄÅÄÄÄÄ´  &  ÃÄÄÄÄÄ¿³
ÃÄÄÄÅÄÅÄÄÄo³     ³     ³³ ÚÄÄÄÄÄ¿  
³   ³ ³    ÀÄÄÄÄÄÙ     ³ÀÄ´ ò1  ³  
³   ³ ³    ÚÄÄÄÄÄ¿     ÀÄÄ´     ³  
³   ÃÄÅÄÄÄÄ´  &  ÃÄÄÄÄÄÄÄÄ´     ÃÄÄÄÄþR_
ÃÄÄÄÅÄÅÄÄÄÄ´     ³     ÚÄÄ´     ³  
³   ³ ³    ÀÄÄÄÄÄÙ     ³ÚÄ´     ³  
³   ³ ³    ÚÄÄÄÄÄ¿     ³³ ÀÄÄÄÄÄÙ  
³   ÃÄÅÄÄÄo³  &  ÃÄÄÄÄÄÙ³
ÀÄÄÄÅÄÅÄÄÄo³     ³      ³
    ³ ³    ÀÄÄÄÄÄÙ      ³
    ³ ³    ÚÄÄÄÄÄ¿      ³
    ³ ÀÄÄÄÄ´  &  ÃÄÄÄÄÄÄÙ
    ÀÄÄÄÄÄo³     ³       
           ÀÄÄÄÄÄÙ       



R_       =  ( Te * /Tr ) +
            (/Te *  Tr ) +
            (/Tr * /G ) +
            ( Te *  G ) +
            (/G *  G2 ) 

þTe
³ þTr
³ ³ þG
³ ³ ³ þG2
³ ³ ³ ³    ÚÄÄÄÄÄ¿       
³ ÃÄÅÄÅÄÄÄo³  &  ÃÄÄÄÄÄÄ¿
ÃÄÅÄÅÄÅÄÄÄÄ´     ³      ³
³ ³ ³ ³    ÀÄÄÄÄÄÙ      ³
³ ³ ³ ³    ÚÄÄÄÄÄ¿      ³
³ ÃÄÅÄÅÄÄÄÄ´  &  ÃÄÄÄÄÄ¿³
ÃÄÅÄÅÄÅÄÄÄo³     ³     ³³ ÚÄÄÄÄÄ¿  
³ ³ ³ ³    ÀÄÄÄÄÄÙ     ³ÀÄ´ ò1  ³  
³ ³ ³ ³    ÚÄÄÄÄÄ¿     ÀÄÄ´     ³  
³ ³ ÃÄÅÄÄÄo³  &  ÃÄÄÄÄÄÄÄÄ´     ÃÄÄÄÄþR_
³ ÀÄÅÄÅÄÄÄo³     ³     ÚÄÄ´     ³  
³   ³ ³    ÀÄÄÄÄÄÙ     ³ÚÄ´     ³  
³   ³ ³    ÚÄÄÄÄÄ¿     ³³ ÀÄÄÄÄÄÙ  
³   ÃÄÅÄÄÄÄ´  &  ÃÄÄÄÄÄÙ³
ÀÄÄÄÅÄÅÄÄÄÄ´     ³      ³
    ³ ³    ÀÄÄÄÄÄÙ      ³
    ³ ³    ÚÄÄÄÄÄ¿      ³
    ³ ÀÄÄÄÄ´  &  ÃÄÄÄÄÄÄÙ
    ÀÄÄÄÄÄo³     ³       
           ÀÄÄÄÄÄÙ       



R_       =  ( Te * /Tr ) +
            (/Te *  Tr ) +
            ( Tr *  G ) +
            (/Te * /G ) +
            (/G *  G2 ) 

þTe
³ þTr
³ ³ þG
³ ³ ³ þG2
³ ³ ³ ³    ÚÄÄÄÄÄ¿       
³ ÃÄÅÄÅÄÄÄo³  &  ÃÄÄÄÄÄÄ¿
ÃÄÅÄÅÄÅÄÄÄÄ´     ³      ³
³ ³ ³ ³    ÀÄÄÄÄÄÙ      ³
³ ³ ³ ³    ÚÄÄÄÄÄ¿      ³
³ ÃÄÅÄÅÄÄÄÄ´  &  ÃÄÄÄÄÄ¿³
ÃÄÅÄÅÄÅÄÄÄo³     ³     ³³ ÚÄÄÄÄÄ¿  
³ ³ ³ ³    ÀÄÄÄÄÄÙ     ³ÀÄ´ ò1  ³  
³ ³ ³ ³    ÚÄÄÄÄÄ¿     ÀÄÄ´     ³  
³ ³ ÃÄÅÄÄÄÄ´  &  ÃÄÄÄÄÄÄÄÄ´     ÃÄÄÄÄþR_
³ ÀÄÅÄÅÄÄÄÄ´     ³     ÚÄÄ´     ³  
³   ³ ³    ÀÄÄÄÄÄÙ     ³ÚÄ´     ³  
³   ³ ³    ÚÄÄÄÄÄ¿     ³³ ÀÄÄÄÄÄÙ  
³   ÃÄÅÄÄÄo³  &  ÃÄÄÄÄÄÙ³
ÀÄÄÄÅÄÅÄÄÄo³     ³      ³
    ³ ³    ÀÄÄÄÄÄÙ      ³
    ³ ³    ÚÄÄÄÄÄ¿      ³
    ³ ÀÄÄÄÄ´  &  ÃÄÄÄÄÄÄÙ
    ÀÄÄÄÄÄo³     ³       
           ÀÄÄÄÄÄÙ       



R_       =  ( Te * /Tr ) +
            (/Te *  Tr ) +
            ( Tr *  G ) +
            (/Tr * /G ) +
            (/G *  G2 ) 

þTe
³ þTr
³ ³ þG
³ ³ ³ þG2
³ ³ ³ ³    ÚÄÄÄÄÄ¿       
³ ÃÄÅÄÅÄÄÄo³  &  ÃÄÄÄÄÄÄ¿
ÃÄÅÄÅÄÅÄÄÄÄ´     ³      ³
³ ³ ³ ³    ÀÄÄÄÄÄÙ      ³
³ ³ ³ ³    ÚÄÄÄÄÄ¿      ³
³ ÃÄÅÄÅÄÄÄÄ´  &  ÃÄÄÄÄÄ¿³
ÀÄÅÄÅÄÅÄÄÄo³     ³     ³³ ÚÄÄÄÄÄ¿  
  ³ ³ ³    ÀÄÄÄÄÄÙ     ³ÀÄ´ ò1  ³  
  ³ ³ ³    ÚÄÄÄÄÄ¿     ÀÄÄ´     ³  
  ³ ÃÄÅÄÄÄÄ´  &  ÃÄÄÄÄÄÄÄÄ´     ÃÄÄÄÄþR_
  ÃÄÅÄÅÄÄÄÄ´     ³     ÚÄÄ´     ³  
  ³ ³ ³    ÀÄÄÄÄÄÙ     ³ÚÄ´     ³  
  ³ ³ ³    ÚÄÄÄÄÄ¿     ³³ ÀÄÄÄÄÄÙ  
  ³ ÃÄÅÄÄÄo³  &  ÃÄÄÄÄÄÙ³
  ÀÄÅÄÅÄÄÄo³     ³      ³
    ³ ³    ÀÄÄÄÄÄÙ      ³
    ³ ³    ÚÄÄÄÄÄ¿      ³
    ³ ÀÄÄÄÄ´  &  ÃÄÄÄÄÄÄÙ
    ÀÄÄÄÄÄo³     ³       
           ÀÄÄÄÄÄÙ       



R_       =  ( Te * /Tr ) +
            (/Te *  Tr ) +
            ( Te *  G2 ) +
            ( Te *  G ) +
            (/Te * /G ) 

þTe
³ þTr
³ ³ þG
³ ³ ³ þG2
³ ³ ³ ³    ÚÄÄÄÄÄ¿       
³ ÃÄÅÄÅÄÄÄo³  &  ÃÄÄÄÄÄÄ¿
ÃÄÅÄÅÄÅÄÄÄÄ´     ³      ³
³ ³ ³ ³    ÀÄÄÄÄÄÙ      ³
³ ³ ³ ³    ÚÄÄÄÄÄ¿      ³
³ ÀÄÅÄÅÄÄÄÄ´  &  ÃÄÄÄÄÄ¿³
ÃÄÄÄÅÄÅÄÄÄo³     ³     ³³ ÚÄÄÄÄÄ¿  
³   ³ ³    ÀÄÄÄÄÄÙ     ³ÀÄ´ ò1  ³  
³   ³ ³    ÚÄÄÄÄÄ¿     ÀÄÄ´     ³  
³   ³ ÀÄÄÄÄ´  &  ÃÄÄÄÄÄÄÄÄ´     ÃÄÄÄÄþR_
ÃÄÄÄÅÄÄÄÄÄÄ´     ³     ÚÄÄ´     ³  
³   ³      ÀÄÄÄÄÄÙ     ³ÚÄ´     ³  
³   ³      ÚÄÄÄÄÄ¿     ³³ ÀÄÄÄÄÄÙ  
³   ÃÄÄÄÄÄÄ´  &  ÃÄÄÄÄÄÙ³
ÃÄÄÄÅÄÄÄÄÄÄ´     ³      ³
³   ³      ÀÄÄÄÄÄÙ      ³
³   ³      ÚÄÄÄÄÄ¿      ³
³   ÀÄÄÄÄÄo³  &  ÃÄÄÄÄÄÄÙ
ÀÄÄÄÄÄÄÄÄÄo³     ³       
           ÀÄÄÄÄÄÙ       



R_       =  ( Te * /Tr ) +
            (/Te *  Tr ) +
            ( Te *  G2 ) +
            ( Tr *  G ) +
            (/Te * /G ) 

þTe
³ þTr
³ ³ þG
³ ³ ³ þG2
³ ³ ³ ³    ÚÄÄÄÄÄ¿       
³ ÃÄÅÄÅÄÄÄo³  &  ÃÄÄÄÄÄÄ¿
ÃÄÅÄÅÄÅÄÄÄÄ´     ³      ³
³ ³ ³ ³    ÀÄÄÄÄÄÙ      ³
³ ³ ³ ³    ÚÄÄÄÄÄ¿      ³
³ ÃÄÅÄÅÄÄÄÄ´  &  ÃÄÄÄÄÄ¿³
ÃÄÅÄÅÄÅÄÄÄo³     ³     ³³ ÚÄÄÄÄÄ¿  
³ ³ ³ ³    ÀÄÄÄÄÄÙ     ³ÀÄ´ ò1  ³  
³ ³ ³ ³    ÚÄÄÄÄÄ¿     ÀÄÄ´     ³  
³ ³ ³ ÀÄÄÄÄ´  &  ÃÄÄÄÄÄÄÄÄ´     ÃÄÄÄÄþR_
ÃÄÅÄÅÄÄÄÄÄÄ´     ³     ÚÄÄ´     ³  
³ ³ ³      ÀÄÄÄÄÄÙ     ³ÚÄ´     ³  
³ ³ ³      ÚÄÄÄÄÄ¿     ³³ ÀÄÄÄÄÄÙ  
³ ³ ÃÄÄÄÄÄÄ´  &  ÃÄÄÄÄÄÙ³
³ ÀÄÅÄÄÄÄÄÄ´     ³      ³
³   ³      ÀÄÄÄÄÄÙ      ³
³   ³      ÚÄÄÄÄÄ¿      ³
³   ÀÄÄÄÄÄo³  &  ÃÄÄÄÄÄÄÙ
ÀÄÄÄÄÄÄÄÄÄo³     ³       
           ÀÄÄÄÄÄÙ       



R_       =  ( Te * /Tr ) +
            (/Te *  Tr ) +
            ( Te *  G2 ) +
            (/Tr * /G ) +
            ( Te *  G ) 

þTe
³ þTr
³ ³ þG
³ ³ ³ þG2
³ ³ ³ ³    ÚÄÄÄÄÄ¿       
³ ÃÄÅÄÅÄÄÄo³  &  ÃÄÄÄÄÄÄ¿
ÃÄÅÄÅÄÅÄÄÄÄ´     ³      ³
³ ³ ³ ³    ÀÄÄÄÄÄÙ      ³
³ ³ ³ ³    ÚÄÄÄÄÄ¿      ³
³ ÃÄÅÄÅÄÄÄÄ´  &  ÃÄÄÄÄÄ¿³
ÃÄÅÄÅÄÅÄÄÄo³     ³     ³³ ÚÄÄÄÄÄ¿  
³ ³ ³ ³    ÀÄÄÄÄÄÙ     ³ÀÄ´ ò1  ³  
³ ³ ³ ³    ÚÄÄÄÄÄ¿     ÀÄÄ´     ³  
³ ³ ³ ÀÄÄÄÄ´  &  ÃÄÄÄÄÄÄÄÄ´     ÃÄÄÄÄþR_
ÃÄÅÄÅÄÄÄÄÄÄ´     ³     ÚÄÄ´     ³  
³ ³ ³      ÀÄÄÄÄÄÙ     ³ÚÄ´     ³  
³ ³ ³      ÚÄÄÄÄÄ¿     ³³ ÀÄÄÄÄÄÙ  
³ ³ ÃÄÄÄÄÄo³  &  ÃÄÄÄÄÄÙ³
³ ÀÄÅÄÄÄÄÄo³     ³      ³
³   ³      ÀÄÄÄÄÄÙ      ³
³   ³      ÚÄÄÄÄÄ¿      ³
³   ÀÄÄÄÄÄÄ´  &  ÃÄÄÄÄÄÄÙ
ÀÄÄÄÄÄÄÄÄÄÄ´     ³       
           ÀÄÄÄÄÄÙ       



R_       =  ( Te * /Tr ) +
            (/Te *  Tr ) +
            ( Te *  G2 ) +
            ( Tr *  G ) +
            (/Tr * /G ) 

þTe
³ þTr
³ ³ þG
³ ³ ³ þG2
³ ³ ³ ³    ÚÄÄÄÄÄ¿       
³ ÃÄÅÄÅÄÄÄo³  &  ÃÄÄÄÄÄÄ¿
ÃÄÅÄÅÄÅÄÄÄÄ´     ³      ³
³ ³ ³ ³    ÀÄÄÄÄÄÙ      ³
³ ³ ³ ³    ÚÄÄÄÄÄ¿      ³
³ ÃÄÅÄÅÄÄÄÄ´  &  ÃÄÄÄÄÄ¿³
ÃÄÅÄÅÄÅÄÄÄo³     ³     ³³ ÚÄÄÄÄÄ¿  
³ ³ ³ ³    ÀÄÄÄÄÄÙ     ³ÀÄ´ ò1  ³  
³ ³ ³ ³    ÚÄÄÄÄÄ¿     ÀÄÄ´     ³  
³ ³ ³ ÀÄÄÄÄ´  &  ÃÄÄÄÄÄÄÄÄ´     ÃÄÄÄÄþR_
ÀÄÅÄÅÄÄÄÄÄÄ´     ³     ÚÄÄ´     ³  
  ³ ³      ÀÄÄÄÄÄÙ     ³ÚÄ´     ³  
  ³ ³      ÚÄÄÄÄÄ¿     ³³ ÀÄÄÄÄÄÙ  
  ³ ÃÄÄÄÄÄÄ´  &  ÃÄÄÄÄÄÙ³
  ÃÄÅÄÄÄÄÄÄ´     ³      ³
  ³ ³      ÀÄÄÄÄÄÙ      ³
  ³ ³      ÚÄÄÄÄÄ¿      ³
  ³ ÀÄÄÄÄÄo³  &  ÃÄÄÄÄÄÄÙ
  ÀÄÄÄÄÄÄÄo³     ³       
           ÀÄÄÄÄÄÙ       



R_       =  ( Te * /Tr ) +
            (/Te *  Tr ) +
            ( Tr *  G2 ) +
            ( Te *  G ) +
            (/Te * /G ) 

þTe
³ þTr
³ ³ þG
³ ³ ³ þG2
³ ³ ³ ³    ÚÄÄÄÄÄ¿       
³ ÃÄÅÄÅÄÄÄo³  &  ÃÄÄÄÄÄÄ¿
ÃÄÅÄÅÄÅÄÄÄÄ´     ³      ³
³ ³ ³ ³    ÀÄÄÄÄÄÙ      ³
³ ³ ³ ³    ÚÄÄÄÄÄ¿      ³
³ ÃÄÅÄÅÄÄÄÄ´  &  ÃÄÄÄÄÄ¿³
ÃÄÅÄÅÄÅÄÄÄo³     ³     ³³ ÚÄÄÄÄÄ¿  
³ ³ ³ ³    ÀÄÄÄÄÄÙ     ³ÀÄ´ ò1  ³  
³ ³ ³ ³    ÚÄÄÄÄÄ¿     ÀÄÄ´     ³  
³ ³ ³ ÀÄÄÄÄ´  &  ÃÄÄÄÄÄÄÄÄ´     ÃÄÄÄÄþR_
³ ÀÄÅÄÄÄÄÄÄ´     ³     ÚÄÄ´     ³  
³   ³      ÀÄÄÄÄÄÙ     ³ÚÄ´     ³  
³   ³      ÚÄÄÄÄÄ¿     ³³ ÀÄÄÄÄÄÙ  
³   ÃÄÄÄÄÄÄ´  &  ÃÄÄÄÄÄÙ³
ÃÄÄÄÅÄÄÄÄÄÄ´     ³      ³
³   ³      ÀÄÄÄÄÄÙ      ³
³   ³      ÚÄÄÄÄÄ¿      ³
³   ÀÄÄÄÄÄo³  &  ÃÄÄÄÄÄÄÙ
ÀÄÄÄÄÄÄÄÄÄo³     ³       
           ÀÄÄÄÄÄÙ       



R_       =  ( Te * /Tr ) +
            (/Te *  Tr ) +
            ( Tr *  G2 ) +
            ( Tr *  G ) +
            (/Te * /G ) 

þTe
³ þTr
³ ³ þG
³ ³ ³ þG2
³ ³ ³ ³    ÚÄÄÄÄÄ¿       
³ ÃÄÅÄÅÄÄÄo³  &  ÃÄÄÄÄÄÄ¿
ÃÄÅÄÅÄÅÄÄÄÄ´     ³      ³
³ ³ ³ ³    ÀÄÄÄÄÄÙ      ³
³ ³ ³ ³    ÚÄÄÄÄÄ¿      ³
³ ÃÄÅÄÅÄÄÄÄ´  &  ÃÄÄÄÄÄ¿³
ÃÄÅÄÅÄÅÄÄÄo³     ³     ³³ ÚÄÄÄÄÄ¿  
³ ³ ³ ³    ÀÄÄÄÄÄÙ     ³ÀÄ´ ò1  ³  
³ ³ ³ ³    ÚÄÄÄÄÄ¿     ÀÄÄ´     ³  
³ ³ ³ ÀÄÄÄÄ´  &  ÃÄÄÄÄÄÄÄÄ´     ÃÄÄÄÄþR_
³ ÃÄÅÄÄÄÄÄÄ´     ³     ÚÄÄ´     ³  
³ ³ ³      ÀÄÄÄÄÄÙ     ³ÚÄ´     ³  
³ ³ ³      ÚÄÄÄÄÄ¿     ³³ ÀÄÄÄÄÄÙ  
³ ³ ÃÄÄÄÄÄÄ´  &  ÃÄÄÄÄÄÙ³
³ ÀÄÅÄÄÄÄÄÄ´     ³      ³
³   ³      ÀÄÄÄÄÄÙ      ³
³   ³      ÚÄÄÄÄÄ¿      ³
³   ÀÄÄÄÄÄo³  &  ÃÄÄÄÄÄÄÙ
ÀÄÄÄÄÄÄÄÄÄo³     ³       
           ÀÄÄÄÄÄÙ       



R_       =  ( Te * /Tr ) +
            (/Te *  Tr ) +
            ( Tr *  G2 ) +
            (/Tr * /G ) +
            ( Te *  G ) 

þTe
³ þTr
³ ³ þG
³ ³ ³ þG2
³ ³ ³ ³    ÚÄÄÄÄÄ¿       
³ ÃÄÅÄÅÄÄÄo³  &  ÃÄÄÄÄÄÄ¿
ÃÄÅÄÅÄÅÄÄÄÄ´     ³      ³
³ ³ ³ ³    ÀÄÄÄÄÄÙ      ³
³ ³ ³ ³    ÚÄÄÄÄÄ¿      ³
³ ÃÄÅÄÅÄÄÄÄ´  &  ÃÄÄÄÄÄ¿³
ÃÄÅÄÅÄÅÄÄÄo³     ³     ³³ ÚÄÄÄÄÄ¿  
³ ³ ³ ³    ÀÄÄÄÄÄÙ     ³ÀÄ´ ò1  ³  
³ ³ ³ ³    ÚÄÄÄÄÄ¿     ÀÄÄ´     ³  
³ ³ ³ ÀÄÄÄÄ´  &  ÃÄÄÄÄÄÄÄÄ´     ÃÄÄÄÄþR_
³ ÃÄÅÄÄÄÄÄÄ´     ³     ÚÄÄ´     ³  
³ ³ ³      ÀÄÄÄÄÄÙ     ³ÚÄ´     ³  
³ ³ ³      ÚÄÄÄÄÄ¿     ³³ ÀÄÄÄÄÄÙ  
³ ³ ÃÄÄÄÄÄo³  &  ÃÄÄÄÄÄÙ³
³ ÀÄÅÄÄÄÄÄo³     ³      ³
³   ³      ÀÄÄÄÄÄÙ      ³
³   ³      ÚÄÄÄÄÄ¿      ³
³   ÀÄÄÄÄÄÄ´  &  ÃÄÄÄÄÄÄÙ
ÀÄÄÄÄÄÄÄÄÄÄ´     ³       
           ÀÄÄÄÄÄÙ       



R_       =  ( Te * /Tr ) +
            (/Te *  Tr ) +
            ( Tr *  G2 ) +
            ( Tr *  G ) +
            (/Tr * /G ) 

þTe
³ þTr
³ ³ þG
³ ³ ³ þG2
³ ³ ³ ³    ÚÄÄÄÄÄ¿       
³ ÃÄÅÄÅÄÄÄo³  &  ÃÄÄÄÄÄÄ¿
ÃÄÅÄÅÄÅÄÄÄÄ´     ³      ³
³ ³ ³ ³    ÀÄÄÄÄÄÙ      ³
³ ³ ³ ³    ÚÄÄÄÄÄ¿      ³
³ ÃÄÅÄÅÄÄÄÄ´  &  ÃÄÄÄÄÄ¿³
ÀÄÅÄÅÄÅÄÄÄo³     ³     ³³ ÚÄÄÄÄÄ¿  
  ³ ³ ³    ÀÄÄÄÄÄÙ     ³ÀÄ´ ò1  ³  
  ³ ³ ³    ÚÄÄÄÄÄ¿     ÀÄÄ´     ³  
  ³ ³ ÀÄÄÄÄ´  &  ÃÄÄÄÄÄÄÄÄ´     ÃÄÄÄÄþR_
  ÃÄÅÄÄÄÄÄÄ´     ³     ÚÄÄ´     ³  
  ³ ³      ÀÄÄÄÄÄÙ     ³ÚÄ´     ³  
  ³ ³      ÚÄÄÄÄÄ¿     ³³ ÀÄÄÄÄÄÙ  
  ³ ÃÄÄÄÄÄÄ´  &  ÃÄÄÄÄÄÙ³
  ÃÄÅÄÄÄÄÄÄ´     ³      ³
  ³ ³      ÀÄÄÄÄÄÙ      ³
  ³ ³      ÚÄÄÄÄÄ¿      ³
  ³ ÀÄÄÄÄÄo³  &  ÃÄÄÄÄÄÄÙ
  ÀÄÄÄÄÄÄÄo³     ³       
           ÀÄÄÄÄÄÙ       




>>> ! Calculation aborted


>>> search for redundant prime implicants aborted.
>>> Probably the best solution has not been found!
-----------------------------------------------------------------------

