Flow report for lab1_scheme1
Sun Sep 27 14:09:09 2020
Quartus Prime Version 20.1.0 Build 711 06/05/2020 SJ Lite Edition


---------------------
; Table of Contents ;
---------------------
  1. Legal Notice
  2. Flow Summary
  3. Flow Settings
  4. Flow Non-Default Global Settings
  5. Flow Elapsed Time
  6. Flow OS Summary
  7. Flow Log
  8. Flow Messages
  9. Flow Suppressed Messages



----------------
; Legal Notice ;
----------------
Copyright (C) 2020  Intel Corporation. All rights reserved.
Your use of Intel Corporation's design tools, logic functions 
and other software and tools, and any partner logic 
functions, and any output files from any of the foregoing 
(including device programming or simulation files), and any 
associated documentation or information are expressly subject 
to the terms and conditions of the Intel Program License 
Subscription Agreement, the Intel Quartus Prime License Agreement,
the Intel FPGA IP License Agreement, or other applicable license
agreement, including, without limitation, that your use is for
the sole purpose of programming logic devices manufactured by
Intel and sold by Intel or its authorized distributors.  Please
refer to the applicable agreement for further details, at
https://fpgasoftware.intel.com/eula.



+----------------------------------------------------------------------------------+
; Flow Summary                                                                     ;
+------------------------------------+---------------------------------------------+
; Flow Status                        ; Successful - Sun Sep 27 14:09:09 2020       ;
; Quartus Prime Version              ; 20.1.0 Build 711 06/05/2020 SJ Lite Edition ;
; Revision Name                      ; lab1_scheme1                                ;
; Top-level Entity Name              ; lab1_scheme1                                ;
; Family                             ; Cyclone IV GX                               ;
; Total logic elements               ; 1 / 14,400 ( < 1 % )                        ;
;     Total combinational functions  ; 1 / 14,400 ( < 1 % )                        ;
;     Dedicated logic registers      ; 0 / 14,400 ( 0 % )                          ;
; Total registers                    ; 0                                           ;
; Total pins                         ; 5 / 81 ( 6 % )                              ;
; Total virtual pins                 ; 0                                           ;
; Total memory bits                  ; 0 / 552,960 ( 0 % )                         ;
; Embedded Multiplier 9-bit elements ; 0                                           ;
; Total GXB Receiver Channel PCS     ; 0 / 2 ( 0 % )                               ;
; Total GXB Receiver Channel PMA     ; 0 / 2 ( 0 % )                               ;
; Total GXB Transmitter Channel PCS  ; 0 / 2 ( 0 % )                               ;
; Total GXB Transmitter Channel PMA  ; 0 / 2 ( 0 % )                               ;
; Total PLLs                         ; 0 / 3 ( 0 % )                               ;
; Device                             ; EP4CGX15BF14C6                              ;
; Timing Models                      ; Final                                       ;
+------------------------------------+---------------------------------------------+


+-----------------------------------------+
; Flow Settings                           ;
+-------------------+---------------------+
; Option            ; Setting             ;
+-------------------+---------------------+
; Start date & time ; 09/27/2020 13:34:02 ;
; Main task         ; Compilation         ;
; Revision Name     ; lab1_scheme1        ;
+-------------------+---------------------+


+-------------------------------------------------------------------------------------------------------------------------+
; Flow Non-Default Global Settings                                                                                        ;
+-------------------------------------+----------------------------------------+---------------+-------------+------------+
; Assignment Name                     ; Value                                  ; Default Value ; Entity Name ; Section Id ;
+-------------------------------------+----------------------------------------+---------------+-------------+------------+
; COMPILER_SIGNATURE_ID               ; 57827285766306.160120284202056         ; --            ; --          ; --         ;
; PARTITION_COLOR                     ; -- (Not supported for targeted family) ; --            ; --          ; Top        ;
; PARTITION_FITTER_PRESERVATION_LEVEL ; -- (Not supported for targeted family) ; --            ; --          ; Top        ;
; PARTITION_NETLIST_TYPE              ; -- (Not supported for targeted family) ; --            ; --          ; Top        ;
; PROJECT_OUTPUT_DIRECTORY            ; output_files                           ; --            ; --          ; --         ;
+-------------------------------------+----------------------------------------+---------------+-------------+------------+


+--------------------------------------------------------------------------------------------------------------------------+
; Flow Elapsed Time                                                                                                        ;
+----------------------+--------------+-------------------------+---------------------+------------------------------------+
; Module Name          ; Elapsed Time ; Average Processors Used ; Peak Virtual Memory ; Total CPU Time (on all processors) ;
+----------------------+--------------+-------------------------+---------------------+------------------------------------+
; Analysis & Synthesis ; 00:00:10     ; 1.0                     ; 4823 MB             ; 00:00:24                           ;
; Fitter               ; 00:00:04     ; 1.0                     ; 5594 MB             ; 00:00:04                           ;
; Assembler            ; 00:00:01     ; 1.0                     ; 4760 MB             ; 00:00:01                           ;
; Timing Analyzer      ; 00:00:02     ; 1.0                     ; 4768 MB             ; 00:00:02                           ;
; EDA Netlist Writer   ; 00:00:01     ; 1.0                     ; 4712 MB             ; 00:00:01                           ;
; EDA Netlist Writer   ; 00:00:01     ; 1.0                     ; 4717 MB             ; 00:00:01                           ;
; EDA Netlist Writer   ; 00:00:00     ; 1.0                     ; 4712 MB             ; 00:00:01                           ;
; EDA Netlist Writer   ; 00:00:00     ; 1.0                     ; 4717 MB             ; 00:00:01                           ;
; EDA Netlist Writer   ; 00:00:00     ; 1.0                     ; 4712 MB             ; 00:00:01                           ;
; EDA Netlist Writer   ; 00:00:00     ; 1.0                     ; 4717 MB             ; 00:00:01                           ;
; EDA Netlist Writer   ; 00:00:00     ; 1.0                     ; 4712 MB             ; 00:00:01                           ;
; EDA Netlist Writer   ; 00:00:00     ; 1.0                     ; 4717 MB             ; 00:00:01                           ;
; EDA Netlist Writer   ; 00:00:01     ; 1.0                     ; 4712 MB             ; 00:00:01                           ;
; EDA Netlist Writer   ; 00:00:01     ; 1.0                     ; 4721 MB             ; 00:00:01                           ;
; EDA Netlist Writer   ; 00:00:01     ; 1.0                     ; 4712 MB             ; 00:00:01                           ;
; EDA Netlist Writer   ; 00:00:01     ; 1.0                     ; 4717 MB             ; 00:00:01                           ;
; EDA Netlist Writer   ; 00:00:01     ; 1.0                     ; 4712 MB             ; 00:00:01                           ;
; EDA Netlist Writer   ; 00:00:01     ; 1.0                     ; 4720 MB             ; 00:00:01                           ;
; EDA Netlist Writer   ; 00:00:01     ; 1.0                     ; 4712 MB             ; 00:00:01                           ;
; EDA Netlist Writer   ; 00:00:01     ; 1.0                     ; 4721 MB             ; 00:00:01                           ;
; EDA Netlist Writer   ; 00:00:01     ; 1.0                     ; 4712 MB             ; 00:00:01                           ;
; EDA Netlist Writer   ; 00:00:01     ; 1.0                     ; 4717 MB             ; 00:00:01                           ;
; EDA Netlist Writer   ; 00:00:00     ; 1.0                     ; 4712 MB             ; 00:00:01                           ;
; EDA Netlist Writer   ; 00:00:01     ; 1.0                     ; 4721 MB             ; 00:00:01                           ;
; EDA Netlist Writer   ; 00:00:01     ; 1.0                     ; 4712 MB             ; 00:00:01                           ;
; EDA Netlist Writer   ; 00:00:00     ; 1.0                     ; 4721 MB             ; 00:00:01                           ;
; EDA Netlist Writer   ; 00:00:01     ; 1.0                     ; 4712 MB             ; 00:00:01                           ;
; EDA Netlist Writer   ; 00:00:01     ; 1.0                     ; 4717 MB             ; 00:00:01                           ;
; EDA Netlist Writer   ; 00:00:00     ; 1.0                     ; 4712 MB             ; 00:00:01                           ;
; EDA Netlist Writer   ; 00:00:01     ; 1.0                     ; 4721 MB             ; 00:00:01                           ;
; EDA Netlist Writer   ; 00:00:00     ; 1.0                     ; 4712 MB             ; 00:00:01                           ;
; EDA Netlist Writer   ; 00:00:00     ; 1.0                     ; 4721 MB             ; 00:00:01                           ;
; Total                ; 00:00:34     ; --                      ; --                  ; 00:00:59                           ;
+----------------------+--------------+-------------------------+---------------------+------------------------------------+


+------------------------------------------------------------------------------------+
; Flow OS Summary                                                                    ;
+----------------------+------------------+------------+------------+----------------+
; Module Name          ; Machine Hostname ; OS Name    ; OS Version ; Processor type ;
+----------------------+------------------+------------+------------+----------------+
; Analysis & Synthesis ; DESKTOP-4TNSBQF  ; Windows 10 ; 10.0       ; x86_64         ;
; Fitter               ; DESKTOP-4TNSBQF  ; Windows 10 ; 10.0       ; x86_64         ;
; Assembler            ; DESKTOP-4TNSBQF  ; Windows 10 ; 10.0       ; x86_64         ;
; Timing Analyzer      ; DESKTOP-4TNSBQF  ; Windows 10 ; 10.0       ; x86_64         ;
; EDA Netlist Writer   ; DESKTOP-4TNSBQF  ; Windows 10 ; 10.0       ; x86_64         ;
; EDA Netlist Writer   ; DESKTOP-4TNSBQF  ; Windows 10 ; 10.0       ; x86_64         ;
; EDA Netlist Writer   ; DESKTOP-4TNSBQF  ; Windows 10 ; 10.0       ; x86_64         ;
; EDA Netlist Writer   ; DESKTOP-4TNSBQF  ; Windows 10 ; 10.0       ; x86_64         ;
; EDA Netlist Writer   ; DESKTOP-4TNSBQF  ; Windows 10 ; 10.0       ; x86_64         ;
; EDA Netlist Writer   ; DESKTOP-4TNSBQF  ; Windows 10 ; 10.0       ; x86_64         ;
; EDA Netlist Writer   ; DESKTOP-4TNSBQF  ; Windows 10 ; 10.0       ; x86_64         ;
; EDA Netlist Writer   ; DESKTOP-4TNSBQF  ; Windows 10 ; 10.0       ; x86_64         ;
; EDA Netlist Writer   ; DESKTOP-4TNSBQF  ; Windows 10 ; 10.0       ; x86_64         ;
; EDA Netlist Writer   ; DESKTOP-4TNSBQF  ; Windows 10 ; 10.0       ; x86_64         ;
; EDA Netlist Writer   ; DESKTOP-4TNSBQF  ; Windows 10 ; 10.0       ; x86_64         ;
; EDA Netlist Writer   ; DESKTOP-4TNSBQF  ; Windows 10 ; 10.0       ; x86_64         ;
; EDA Netlist Writer   ; DESKTOP-4TNSBQF  ; Windows 10 ; 10.0       ; x86_64         ;
; EDA Netlist Writer   ; DESKTOP-4TNSBQF  ; Windows 10 ; 10.0       ; x86_64         ;
; EDA Netlist Writer   ; DESKTOP-4TNSBQF  ; Windows 10 ; 10.0       ; x86_64         ;
; EDA Netlist Writer   ; DESKTOP-4TNSBQF  ; Windows 10 ; 10.0       ; x86_64         ;
; EDA Netlist Writer   ; DESKTOP-4TNSBQF  ; Windows 10 ; 10.0       ; x86_64         ;
; EDA Netlist Writer   ; DESKTOP-4TNSBQF  ; Windows 10 ; 10.0       ; x86_64         ;
; EDA Netlist Writer   ; DESKTOP-4TNSBQF  ; Windows 10 ; 10.0       ; x86_64         ;
; EDA Netlist Writer   ; DESKTOP-4TNSBQF  ; Windows 10 ; 10.0       ; x86_64         ;
; EDA Netlist Writer   ; DESKTOP-4TNSBQF  ; Windows 10 ; 10.0       ; x86_64         ;
; EDA Netlist Writer   ; DESKTOP-4TNSBQF  ; Windows 10 ; 10.0       ; x86_64         ;
; EDA Netlist Writer   ; DESKTOP-4TNSBQF  ; Windows 10 ; 10.0       ; x86_64         ;
; EDA Netlist Writer   ; DESKTOP-4TNSBQF  ; Windows 10 ; 10.0       ; x86_64         ;
; EDA Netlist Writer   ; DESKTOP-4TNSBQF  ; Windows 10 ; 10.0       ; x86_64         ;
; EDA Netlist Writer   ; DESKTOP-4TNSBQF  ; Windows 10 ; 10.0       ; x86_64         ;
; EDA Netlist Writer   ; DESKTOP-4TNSBQF  ; Windows 10 ; 10.0       ; x86_64         ;
; EDA Netlist Writer   ; DESKTOP-4TNSBQF  ; Windows 10 ; 10.0       ; x86_64         ;
+----------------------+------------------+------------+------------+----------------+


------------
; Flow Log ;
------------
quartus_map --read_settings_files=on --write_settings_files=off lab1_scheme1 -c lab1_scheme1
quartus_fit --read_settings_files=off --write_settings_files=off lab1_scheme1 -c lab1_scheme1
quartus_asm --read_settings_files=off --write_settings_files=off lab1_scheme1 -c lab1_scheme1
quartus_sta lab1_scheme1 -c lab1_scheme1
quartus_eda --read_settings_files=on --write_settings_files=off lab1_scheme1 -c lab1_scheme1
quartus_eda --gen_testbench --tool=modelsim_oem --format=verilog --write_settings_files=off lab1_scheme1 -c lab1_scheme1 --vector_source=C:/Users/GD/Desktop/Projects/learn/university/circuit-design/lab1/scheme1/Waveform.vwf --testbench_file=C:/Users/GD/Desktop/Projects/learn/university/circuit-design/lab1/scheme1/simulation/qsim/Waveform.vwf.vt
quartus_eda --write_settings_files=off --simulation=on --functional=on --flatten_buses=off --tool=modelsim_oem --format=verilog --output_directory=C:/Users/GD/Desktop/Projects/learn/university/circuit-design/lab1/scheme1/simulation/qsim/ lab1_scheme1 -c lab1_scheme1
quartus_eda --gen_testbench --tool=modelsim_oem --format=verilog --write_settings_files=off lab1_scheme1 -c lab1_scheme1 --vector_source=C:/Users/GD/Desktop/Projects/learn/university/circuit-design/lab1/scheme1/Waveform.vwf --testbench_file=C:/Users/GD/Desktop/Projects/learn/university/circuit-design/lab1/scheme1/simulation/qsim/Waveform.vwf.vt
quartus_eda --write_settings_files=off --simulation=on --functional=on --flatten_buses=off --tool=modelsim_oem --format=verilog --output_directory=C:/Users/GD/Desktop/Projects/learn/university/circuit-design/lab1/scheme1/simulation/qsim/ lab1_scheme1 -c lab1_scheme1
quartus_eda --gen_testbench --tool=modelsim_oem --format=vhdl --write_settings_files=off lab1_scheme1 -c lab1_scheme1 --vector_source=C:/Users/GD/Desktop/Projects/learn/university/circuit-design/lab1/scheme1/Waveform.vwf --testbench_file=C:/Users/GD/Desktop/Projects/learn/university/circuit-design/lab1/scheme1/simulation/qsim/Waveform.vwf.vht
quartus_eda --write_settings_files=off --simulation=on --functional=on --flatten_buses=off --tool=modelsim_oem --format=vhdl --output_directory=C:/Users/GD/Desktop/Projects/learn/university/circuit-design/lab1/scheme1/simulation/qsim/ lab1_scheme1 -c lab1_scheme1
quartus_eda --gen_testbench --tool=modelsim_oem --format=verilog --write_settings_files=off lab1_scheme1 -c lab1_scheme1 --vector_source=C:/Users/GD/Desktop/Projects/learn/university/circuit-design/lab1/scheme1/Waveform.vwf --testbench_file=C:/Users/GD/Desktop/Projects/learn/university/circuit-design/lab1/scheme1/simulation/qsim/Waveform.vwf.vt
quartus_eda --write_settings_files=off --simulation=on --functional=on --flatten_buses=off --tool=modelsim_oem --format=verilog --output_directory=C:/Users/GD/Desktop/Projects/learn/university/circuit-design/lab1/scheme1/simulation/qsim/ lab1_scheme1 -c lab1_scheme1
quartus_eda --gen_testbench --tool=modelsim_oem --format=verilog --write_settings_files=off lab1_scheme1 -c lab1_scheme1 --vector_source=C:/Users/GD/Desktop/Projects/learn/university/circuit-design/lab1/scheme1/Waveform.vwf --testbench_file=C:/Users/GD/Desktop/Projects/learn/university/circuit-design/lab1/scheme1/simulation/qsim/Waveform.vwf.vt
quartus_eda --write_settings_files=off --simulation=on --functional=off --flatten_buses=off --timescale=1ps --tool=modelsim_oem --format=verilog --output_directory=C:/Users/GD/Desktop/Projects/learn/university/circuit-design/lab1/scheme1/simulation/qsim/ lab1_scheme1 -c lab1_scheme1
quartus_eda --gen_testbench --tool=modelsim_oem --format=verilog --write_settings_files=off lab1_scheme1 -c lab1_scheme1 --vector_source=C:/Users/GD/Desktop/Projects/learn/university/circuit-design/lab1/scheme1/Waveform.vwf --testbench_file=C:/Users/GD/Desktop/Projects/learn/university/circuit-design/lab1/scheme1/simulation/qsim/Waveform.vwf.vt
quartus_eda --write_settings_files=off --simulation=on --functional=on --flatten_buses=off --tool=modelsim_oem --format=verilog --output_directory=C:/Users/GD/Desktop/Projects/learn/university/circuit-design/lab1/scheme1/simulation/qsim/ lab1_scheme1 -c lab1_scheme1
quartus_eda --gen_testbench --tool=modelsim_oem --format=verilog --write_settings_files=off lab1_scheme1 -c lab1_scheme1 --vector_source=C:/Users/GD/Desktop/Projects/learn/university/circuit-design/lab1/scheme1/Waveform.vwf --testbench_file=C:/Users/GD/Desktop/Projects/learn/university/circuit-design/lab1/scheme1/simulation/qsim/Waveform.vwf.vt
quartus_eda --write_settings_files=off --simulation=on --functional=off --flatten_buses=off --timescale=1ps --tool=modelsim_oem --format=verilog --output_directory=C:/Users/GD/Desktop/Projects/learn/university/circuit-design/lab1/scheme1/simulation/qsim/ lab1_scheme1 -c lab1_scheme1
quartus_eda --gen_testbench --tool=modelsim_oem --format=verilog --write_settings_files=off lab1_scheme1 -c lab1_scheme1 --vector_source=C:/Users/GD/Desktop/Projects/learn/university/circuit-design/lab1/scheme1/Waveform.vwf --testbench_file=C:/Users/GD/Desktop/Projects/learn/university/circuit-design/lab1/scheme1/simulation/qsim/Waveform.vwf.vt
quartus_eda --write_settings_files=off --simulation=on --functional=off --flatten_buses=off --timescale=1ps --tool=modelsim_oem --format=verilog --output_directory=C:/Users/GD/Desktop/Projects/learn/university/circuit-design/lab1/scheme1/simulation/qsim/ lab1_scheme1 -c lab1_scheme1
quartus_eda --gen_testbench --tool=modelsim_oem --format=verilog --write_settings_files=off lab1_scheme1 -c lab1_scheme1 --vector_source=C:/Users/GD/Desktop/Projects/learn/university/circuit-design/lab1/scheme1/Waveform.vwf --testbench_file=C:/Users/GD/Desktop/Projects/learn/university/circuit-design/lab1/scheme1/simulation/qsim/Waveform.vwf.vt
quartus_eda --write_settings_files=off --simulation=on --functional=on --flatten_buses=off --tool=modelsim_oem --format=verilog --output_directory=C:/Users/GD/Desktop/Projects/learn/university/circuit-design/lab1/scheme1/simulation/qsim/ lab1_scheme1 -c lab1_scheme1
quartus_eda --gen_testbench --tool=modelsim_oem --format=verilog --write_settings_files=off lab1_scheme1 -c lab1_scheme1 --vector_source=C:/Users/GD/Desktop/Projects/learn/university/circuit-design/lab1/scheme1/Waveform.vwf --testbench_file=C:/Users/GD/Desktop/Projects/learn/university/circuit-design/lab1/scheme1/simulation/qsim/Waveform.vwf.vt
quartus_eda --write_settings_files=off --simulation=on --functional=off --flatten_buses=off --timescale=1ps --tool=modelsim_oem --format=verilog --output_directory=C:/Users/GD/Desktop/Projects/learn/university/circuit-design/lab1/scheme1/simulation/qsim/ lab1_scheme1 -c lab1_scheme1
quartus_eda --gen_testbench --tool=modelsim_oem --format=verilog --write_settings_files=off lab1_scheme1 -c lab1_scheme1 --vector_source=C:/Users/GD/Desktop/Projects/learn/university/circuit-design/lab1/scheme1/Waveform.vwf --testbench_file=C:/Users/GD/Desktop/Projects/learn/university/circuit-design/lab1/scheme1/simulation/qsim/Waveform.vwf.vt
quartus_eda --write_settings_files=off --simulation=on --functional=off --flatten_buses=off --timescale=1ps --tool=modelsim_oem --format=verilog --output_directory=C:/Users/GD/Desktop/Projects/learn/university/circuit-design/lab1/scheme1/simulation/qsim/ lab1_scheme1 -c lab1_scheme1
quartus_eda --gen_testbench --tool=modelsim_oem --format=verilog --write_settings_files=off lab1_scheme1 -c lab1_scheme1 --vector_source=C:/Users/GD/Desktop/Projects/learn/university/circuit-design/lab1/scheme1/Waveform.vwf --testbench_file=C:/Users/GD/Desktop/Projects/learn/university/circuit-design/lab1/scheme1/simulation/qsim/Waveform.vwf.vt
quartus_eda --write_settings_files=off --simulation=on --functional=on --flatten_buses=off --tool=modelsim_oem --format=verilog --output_directory=C:/Users/GD/Desktop/Projects/learn/university/circuit-design/lab1/scheme1/simulation/qsim/ lab1_scheme1 -c lab1_scheme1
quartus_eda --gen_testbench --tool=modelsim_oem --format=verilog --write_settings_files=off lab1_scheme1 -c lab1_scheme1 --vector_source=C:/Users/GD/Desktop/Projects/learn/university/circuit-design/lab1/scheme1/Waveform.vwf --testbench_file=C:/Users/GD/Desktop/Projects/learn/university/circuit-design/lab1/scheme1/simulation/qsim/Waveform.vwf.vt
quartus_eda --write_settings_files=off --simulation=on --functional=off --flatten_buses=off --timescale=1ps --tool=modelsim_oem --format=verilog --output_directory=C:/Users/GD/Desktop/Projects/learn/university/circuit-design/lab1/scheme1/simulation/qsim/ lab1_scheme1 -c lab1_scheme1
quartus_eda --gen_testbench --tool=modelsim_oem --format=verilog --write_settings_files=off lab1_scheme1 -c lab1_scheme1 --vector_source=C:/Users/GD/Desktop/Projects/learn/university/circuit-design/lab1/scheme1/Waveform.vwf --testbench_file=C:/Users/GD/Desktop/Projects/learn/university/circuit-design/lab1/scheme1/simulation/qsim/Waveform.vwf.vt
quartus_eda --write_settings_files=off --simulation=on --functional=off --flatten_buses=off --timescale=1ps --tool=modelsim_oem --format=verilog --output_directory=C:/Users/GD/Desktop/Projects/learn/university/circuit-design/lab1/scheme1/simulation/qsim/ lab1_scheme1 -c lab1_scheme1



