Flow report for Lab¹2
Mon May 31 23:13:39 2010
Quartus II Version 9.1 Build 350 03/24/2010 Service Pack 2 SJ Web Edition


---------------------
; Table of Contents ;
---------------------
  1. Legal Notice
  2. Flow Summary
  3. Flow Settings
  4. Flow Non-Default Global Settings
  5. Flow Elapsed Time
  6. Flow OS Summary
  7. Flow Log



----------------
; Legal Notice ;
----------------
Copyright (C) 1991-2010 Altera Corporation
Your use of Altera Corporation's design tools, logic functions 
and other software and tools, and its AMPP partner logic 
functions, and any output files from any of the foregoing 
(including device programming or simulation files), and any 
associated documentation or information are expressly subject 
to the terms and conditions of the Altera Program License 
Subscription Agreement, Altera MegaCore Function License 
Agreement, or other applicable license agreement, including, 
without limitation, that your use is for the sole purpose of 
programming logic devices manufactured by Altera and sold by 
Altera or its authorized distributors.  Please refer to the 
applicable agreement for further details.



+-----------------------------------------------------------------------------------+
; Flow Summary                                                                      ;
+------------------------------------+----------------------------------------------+
; Flow Status                        ; Successful - Mon May 31 23:13:26 2010        ;
; Quartus II Version                 ; 9.1 Build 350 03/24/2010 SP 2 SJ Web Edition ;
; Revision Name                      ; Lab¹2                                        ;
; Top-level Entity Name              ; 2_MUX_with_3_adress_input                    ;
; Family                             ; Cyclone III                                  ;
; Device                             ; EP3C5E144C8                                  ;
; Timing Models                      ; Final                                        ;
; Met timing requirements            ; N/A                                          ;
; Total logic elements               ; 2 / 5,136 ( < 1 % )                          ;
;     Total combinational functions  ; 2 / 5,136 ( < 1 % )                          ;
;     Dedicated logic registers      ; 0 / 5,136 ( 0 % )                            ;
; Total registers                    ; 0                                            ;
; Total pins                         ; 6 / 95 ( 6 % )                               ;
; Total virtual pins                 ; 0                                            ;
; Total memory bits                  ; 0 / 423,936 ( 0 % )                          ;
; Embedded Multiplier 9-bit elements ; 0 / 46 ( 0 % )                               ;
; Total PLLs                         ; 0 / 2 ( 0 % )                                ;
+------------------------------------+----------------------------------------------+


+-----------------------------------------+
; Flow Settings                           ;
+-------------------+---------------------+
; Option            ; Setting             ;
+-------------------+---------------------+
; Start date & time ; 05/31/2010 23:12:24 ;
; Main task         ; Compilation         ;
; Revision Name     ; Lab¹2               ;
+-------------------+---------------------+


+--------------------------------------------------------------------------------------------------------------------------------+
; Flow Non-Default Global Settings                                                                                               ;
+------------------------------------+------------------------------+---------------+---------------------------+----------------+
; Assignment Name                    ; Value                        ; Default Value ; Entity Name               ; Section Id     ;
+------------------------------------+------------------------------+---------------+---------------------------+----------------+
; COMPILER_SIGNATURE_ID              ; 278981542214.127533314302156 ; --            ; --                        ; --             ;
; MAX_CORE_JUNCTION_TEMP             ; 85                           ; --            ; --                        ; --             ;
; MIN_CORE_JUNCTION_TEMP             ; 0                            ; --            ; --                        ; --             ;
; NOMINAL_CORE_SUPPLY_VOLTAGE        ; 1.2V                         ; --            ; --                        ; --             ;
; PARTITION_COLOR                    ; 16764057                     ; --            ; 2_MUX_with_3_adress_input ; Top            ;
; PARTITION_NETLIST_TYPE             ; SOURCE                       ; --            ; 2_MUX_with_3_adress_input ; Top            ;
; TOP_LEVEL_ENTITY                   ; 2_MUX_with_3_adress_input    ; Lab¹2         ; --                        ; --             ;
; USE_GENERATED_PHYSICAL_CONSTRAINTS ; Off                          ; --            ; --                        ; eda_blast_fpga ;
+------------------------------------+------------------------------+---------------+---------------------------+----------------+


+-------------------------------------------------------------------------------------------------------------------------------+
; Flow Elapsed Time                                                                                                             ;
+---------------------------+--------------+-------------------------+---------------------+------------------------------------+
; Module Name               ; Elapsed Time ; Average Processors Used ; Peak Virtual Memory ; Total CPU Time (on all processors) ;
+---------------------------+--------------+-------------------------+---------------------+------------------------------------+
; Analysis & Synthesis      ; 00:00:10     ; 1.0                     ; 165 MB              ; 00:00:06                           ;
; Fitter                    ; 00:00:24     ; 1.0                     ; 212 MB              ; 00:00:18                           ;
; TimeQuest Timing Analyzer ; 00:00:27     ; 1.0                     ; 182 MB              ; 00:00:11                           ;
; Assembler                 ; 00:00:13     ; 1.0                     ; 165 MB              ; 00:00:06                           ;
; Total                     ; 00:01:01     ; --                      ; --                  ; 00:00:35                           ;
+---------------------------+--------------+-------------------------+---------------------+------------------------------------+


+-----------------------------------------------------------------------------------------+
; Flow OS Summary                                                                         ;
+---------------------------+------------------+------------+------------+----------------+
; Module Name               ; Machine Hostname ; OS Name    ; OS Version ; Processor type ;
+---------------------------+------------------+------------+------------+----------------+
; Analysis & Synthesis      ; greenline        ; Windows XP ; 5.1        ; i1586          ;
; Fitter                    ; greenline        ; Windows XP ; 5.1        ; i1586          ;
; Assembler                 ; greenline        ; Windows XP ; 5.1        ; i1586          ;
; TimeQuest Timing Analyzer ; greenline        ; Windows XP ; 5.1        ; i1586          ;
+---------------------------+------------------+------------+------------+----------------+


------------
; Flow Log ;
------------
quartus_map --read_settings_files=on --write_settings_files=off Lab¹2 -c Lab¹2
quartus_fit --read_settings_files=off --write_settings_files=off Lab¹2 -c Lab¹2
quartus_asm --read_settings_files=off --write_settings_files=off Lab¹2 -c Lab¹2
quartus_sta Lab¹2 -c Lab¹2



