Quine Mc Cluskey 3.24    (c)89-08 by http://www.iapetus.ch/software
-----------------------------------------------------------------------
Started at 24.06.2008 8:57:25


Start of source file D:\recieved\Quine Mc Cluskey 3.10\demo\demo3.qmc
-----------------------------------------------------------------------


; Demonstrationsdatei 3
; nur fr QMC Version 1.8 und hher !


.EING In1 In2 In3 In4 In5         ; 5 Eingnge
.AUSG Out1 Out2 Out3 Out4         ; 4 Ausgnge
.FORM KNF        ; disjunktive Normalform berechnen

.RESULTAT SCHEMA GLEICHUNG TABELLE ; Resultat als Schema ausgeben

.REST DDDD       ; nicht aufgelistete Eintrge sind don't care Eintrge

; Die Wahrheitstabelle :

00001 -> 0D11
10001 -> 1DD1
00X00 -> 1D01
00110 -> DD11
00111 -> 1d10
01000 -> 11D1
01001 -> D1D0
01010 -> D1D1
01011 -> 1110
011XX -> 111D
100X1 -> D10D
1100X -> D001
11010 -> 1011
11011 -> D011
11100 -> 11DD
11101 -> DD1D
11110 -> DD00

;
;Angabe der gewuenschten Resultatformen
;
.RESULTAT GLEICHUNG SCHEMA TABELLE

-----------------------------------------------------------------------
End of source file D:\recieved\Quine Mc Cluskey 3.10\demo\demo3.qmc


Quine Mc Cluskey 3.24    (c)89-08 by http://www.iapetus.ch/software
-----------------------------------------------------------------------
Calculated minimized konjunktive forms for output number 1:

Out1     =  ( In1 +  In2 +  In4 + /In5 ) 

ЧIn1
Ё ЧIn2
Ё Ё ЧIn4
Ё Ё Ё ЧIn5
Ё Ё Ё Ё    зддддд©   
Ё Ё Ё юдддoЁ Р1  Ё   
Ё Ё юдддддд╢     цддддддЧOut1
Ё юдддддддд╢     Ё   
юдддддддддд╢     Ё   
           юддддды   



Out1     =  ( In1 +  In3 +  In4 + /In5 ) 

ЧIn1
Ё ЧIn3
Ё Ё ЧIn4
Ё Ё Ё ЧIn5
Ё Ё Ё Ё    зддддд©   
Ё Ё Ё юдддoЁ Р1  Ё   
Ё Ё юдддддд╢     цддддддЧOut1
Ё юдддддддд╢     Ё   
юдддддддддд╢     Ё   
           юддддды   



Out1     =  ( In1 +  In2 +  In3 + /In5 ) 

ЧIn1
Ё ЧIn2
Ё Ё ЧIn3
Ё Ё Ё ЧIn5
Ё Ё Ё Ё    зддддд©   
Ё Ё Ё юдддoЁ Р1  Ё   
Ё Ё юдддддд╢     цддддддЧOut1
Ё юдддддддд╢     Ё   
юдддддддддд╢     Ё   
           юддддды   




No other solutions for output number 1.
-----------------------------------------------------------------------


Quine Mc Cluskey 3.24    (c)89-08 by http://www.iapetus.ch/software
-----------------------------------------------------------------------
Calculated minimized konjunktive forms for output number 2:

Out2     =  (/In1 + /In2 +  In3 ) 

ЧIn1
Ё ЧIn2
Ё Ё ЧIn3
Ё Ё Ё    зддддд©   
Ё Ё юдддд╢ Р1  Ё   
Ё юдддддoЁ     цддддддЧOut2
юдддддддoЁ     Ё   
         юддддды   




No other solutions for output number 2.
-----------------------------------------------------------------------


Quine Mc Cluskey 3.24    (c)89-08 by http://www.iapetus.ch/software
-----------------------------------------------------------------------
Calculated minimized konjunktive forms for output number 3:

Out3     =  (/In1 +  In2 ) *
            ( In2 +  In4 +  In5 ) *
            (/In1 +  In3 +  In4 ) *
            (/In1 + /In3 + /In4 ) 

ЧIn1
Ё ЧIn2
Ё Ё ЧIn3
Ё Ё Ё ЧIn4
Ё Ё Ё Ё ЧIn5
Ё Ё Ё Ё Ё    зддддд©      
Ё цдедедедддд╢ Р1  цддддд©
цдедедедедддoЁ     Ё     Ё
Ё Ё Ё Ё Ё    юддддды     Ё
Ё Ё Ё Ё Ё    зддддд©     Ё
Ё Ё Ё Ё юдддд╢ Р1  Ё     Ё
Ё Ё Ё цдддддд╢     цдддд©Ё
Ё юдедедддддд╢     Ё    ЁЁ зддддд©  
Ё   Ё Ё      юддддды    Ёюд╢  &  Ё  
Ё   Ё Ё      зддддд©    юдд╢     цддддЧOut3
Ё   Ё цдддддд╢ Р1  Ё    здд╢     Ё  
Ё   цдедддддд╢     цддддызд╢     Ё  
цдддедедддддoЁ     Ё     Ё юддддды  
Ё   Ё Ё      юддддды     Ё
Ё   Ё Ё      зддддд©     Ё
Ё   Ё юдддддoЁ Р1  Ё     Ё
Ё   юдддддддoЁ     цддддды
юдддддддддддoЁ     Ё      
             юддддды      



Out3     =  (/In1 +  In2 ) *
            (/In1 + /In3 +  In5 ) *
            ( In2 +  In4 +  In5 ) *
            (/In1 +  In3 +  In4 ) 

ЧIn1
Ё ЧIn2
Ё Ё ЧIn3
Ё Ё Ё ЧIn4
Ё Ё Ё Ё ЧIn5
Ё Ё Ё Ё Ё    зддддд©      
Ё цдедедедддд╢ Р1  цддддд©
цдедедедедддoЁ     Ё     Ё
Ё Ё Ё Ё Ё    юддддды     Ё
Ё Ё Ё Ё Ё    зддддд©     Ё
Ё Ё Ё Ё цдддд╢ Р1  Ё     Ё
Ё Ё цдедедддoЁ     цдддд©Ё
цдедедедедддoЁ     Ё    ЁЁ зддддд©  
Ё Ё Ё Ё Ё    юддддды    Ёюд╢  &  Ё  
Ё Ё Ё Ё Ё    зддддд©    юдд╢     цддддЧOut3
Ё Ё Ё Ё юдддд╢ Р1  Ё    здд╢     Ё  
Ё Ё Ё цдддддд╢     цддддызд╢     Ё  
Ё юдедедддддд╢     Ё     Ё юддддды  
Ё   Ё Ё      юддддды     Ё
Ё   Ё Ё      зддддд©     Ё
Ё   Ё юдддддд╢ Р1  Ё     Ё
Ё   юдддддддд╢     цддддды
юдддддддддддoЁ     Ё      
             юддддды      




No other solutions for output number 3.
-----------------------------------------------------------------------


Quine Mc Cluskey 3.24    (c)89-08 by http://www.iapetus.ch/software
-----------------------------------------------------------------------
Calculated minimized konjunktive forms for output number 4:

Out4     =  ( In1 + /In2 + /In5 ) *
            (/In3 + /In5 ) *
            (/In1 + /In3 ) 

ЧIn1
Ё ЧIn2
Ё Ё ЧIn3
Ё Ё Ё ЧIn5
Ё Ё Ё Ё    зддддд©     
Ё Ё Ё цдддoЁ Р1  Ё     
Ё юдедедддoЁ     цдддд©
цдддедедддд╢     Ё    Ё
Ё   Ё Ё    юддддды    Ё зддддд©  
Ё   Ё Ё    зддддд©    юд╢  &  Ё  
Ё   Ё юдддoЁ Р1  цдддддд╢     цддддЧOut4
Ё   цдддддoЁ     Ё    зд╢     Ё  
Ё   Ё      юддддды    Ё юддддды  
Ё   Ё      зддддд©    Ё
Ё   юдддддoЁ Р1  цдддды
юдддддддддoЁ     Ё     
           юддддды     



Out4     =  ( In1 + /In2 + /In5 ) *
            (/In2 + /In3 ) *
            (/In3 + /In5 ) 

ЧIn1
Ё ЧIn2
Ё Ё ЧIn3
Ё Ё Ё ЧIn5
Ё Ё Ё Ё    зддддд©     
Ё Ё Ё цдддoЁ Р1  Ё     
Ё цдедедддoЁ     цдддд©
юдедедедддд╢     Ё    Ё
  Ё Ё Ё    юддддды    Ё зддддд©  
  Ё Ё Ё    зддддд©    юд╢  &  Ё  
  Ё цдедддoЁ Р1  цдддддд╢     цддддЧOut4
  юдедедддoЁ     Ё    зд╢     Ё  
    Ё Ё    юддддды    Ё юддддды  
    Ё Ё    зддддд©    Ё
    Ё юдддoЁ Р1  цдддды
    юдддддoЁ     Ё     
           юддддды     




No other solutions for output number 4.
-----------------------------------------------------------------------


Quine Mc Cluskey 3.24    (c)89-08 by http://www.iapetus.ch/software
-----------------------------------------------------------------------

Expanding truth table for all outputs:

 ЧIn1
 Ё ЧIn2
 Ё Ё ЧIn3
 Ё Ё Ё ЧIn4
 Ё Ё Ё Ё ЧIn5
 Ё Ё Ё Ё Ё 
 Ё Ё Ё Ё Ё   ЧOut1
 Ё Ё Ё Ё Ё   Ё ЧOut2
 Ё Ё Ё Ё Ё   Ё Ё ЧOut3
 Ё Ё Ё Ё Ё   Ё Ё Ё ЧOut4
 Ё Ё Ё Ё Ё   Ё Ё Ё Ё 
дддддддддддеддддддддд
 0 0 0 0 0 Ё 1 D 0 1 
 0 0 0 0 1 Ё 0 D 1 1 
 0 0 0 1 0 Ё D D D D 
 0 0 0 1 1 Ё D D D D 
 0 0 1 0 0 Ё 1 D 0 1 
 0 0 1 0 1 Ё D D D D 
 0 0 1 1 0 Ё D D 1 1 
 0 0 1 1 1 Ё 1 D 1 0 
 0 1 0 0 0 Ё 1 1 D 1 
 0 1 0 0 1 Ё D 1 D 0 
 0 1 0 1 0 Ё D 1 D 1 
 0 1 0 1 1 Ё 1 1 1 0 
 0 1 1 0 0 Ё 1 1 1 D 
 0 1 1 0 1 Ё 1 1 1 D 
 0 1 1 1 0 Ё 1 1 1 D 
 0 1 1 1 1 Ё 1 1 1 D 
 1 0 0 0 0 Ё D D D D 
 1 0 0 0 1 Ё 1 1 0 1 
 1 0 0 1 0 Ё D D D D 
 1 0 0 1 1 Ё D 1 0 D 
 1 0 1 0 0 Ё D D D D 
 1 0 1 0 1 Ё D D D D 
 1 0 1 1 0 Ё D D D D 
 1 0 1 1 1 Ё D D D D 
 1 1 0 0 0 Ё D 0 0 1 
 1 1 0 0 1 Ё D 0 0 1 
 1 1 0 1 0 Ё 1 0 1 1 
 1 1 0 1 1 Ё D 0 1 1 
 1 1 1 0 0 Ё 1 1 D D 
 1 1 1 0 1 Ё D D 1 D 
 1 1 1 1 0 Ё D D 0 0 
 1 1 1 1 1 Ё D D D D 



Calculation successfully terminated. Time elapsed: 0:00:01

