Analysis & Synthesis report for JohnsonCounter
Thu Jun 03 16:17:31 2021
Quartus Prime Version 19.1.0 Build 670 09/22/2019 SJ Lite Edition


---------------------
; Table of Contents ;
---------------------
  1. Legal Notice
  2. Analysis & Synthesis Summary
  3. Analysis & Synthesis Settings
  4. Parallel Compilation
  5. Analysis & Synthesis Source Files Read
  6. Analysis & Synthesis Resource Usage Summary
  7. Analysis & Synthesis Resource Utilization by Entity
  8. General Register Statistics
  9. Post-Synthesis Netlist Statistics for Top Partition
 10. Elapsed Time Per Partition
 11. Analysis & Synthesis Messages



----------------
; Legal Notice ;
----------------
Copyright (C) 2019  Intel Corporation. All rights reserved.
Your use of Intel Corporation's design tools, logic functions 
and other software and tools, and any partner logic 
functions, and any output files from any of the foregoing 
(including device programming or simulation files), and any 
associated documentation or information are expressly subject 
to the terms and conditions of the Intel Program License 
Subscription Agreement, the Intel Quartus Prime License Agreement,
the Intel FPGA IP License Agreement, or other applicable license
agreement, including, without limitation, that your use is for
the sole purpose of programming logic devices manufactured by
Intel and sold by Intel or its authorized distributors.  Please
refer to the applicable agreement for further details, at
https://fpgasoftware.intel.com/eula.



+----------------------------------------------------------------------------------+
; Analysis & Synthesis Summary                                                     ;
+------------------------------------+---------------------------------------------+
; Analysis & Synthesis Status        ; Successful - Thu Jun 03 16:17:31 2021       ;
; Quartus Prime Version              ; 19.1.0 Build 670 09/22/2019 SJ Lite Edition ;
; Revision Name                      ; JohnsonCounter                              ;
; Top-level Entity Name              ; _JohnsonCounterDFF                          ;
; Family                             ; Cyclone IV E                                ;
; Total logic elements               ; 12                                          ;
;     Total combinational functions  ; 12                                          ;
;     Dedicated logic registers      ; 10                                          ;
; Total registers                    ; 10                                          ;
; Total pins                         ; 11                                          ;
; Total virtual pins                 ; 0                                           ;
; Total memory bits                  ; 0                                           ;
; Embedded Multiplier 9-bit elements ; 0                                           ;
; Total PLLs                         ; 0                                           ;
+------------------------------------+---------------------------------------------+


+------------------------------------------------------------------------------------------------------------+
; Analysis & Synthesis Settings                                                                              ;
+------------------------------------------------------------------+--------------------+--------------------+
; Option                                                           ; Setting            ; Default Value      ;
+------------------------------------------------------------------+--------------------+--------------------+
; Top-level entity name                                            ; _JohnsonCounterDFF ; JohnsonCounter     ;
; Family name                                                      ; Cyclone IV E       ; Cyclone V          ;
; Use smart compilation                                            ; Off                ; Off                ;
; Enable parallel Assembler and Timing Analyzer during compilation ; On                 ; On                 ;
; Enable compact report table                                      ; Off                ; Off                ;
; Restructure Multiplexers                                         ; Auto               ; Auto               ;
; Create Debugging Nodes for IP Cores                              ; Off                ; Off                ;
; Preserve fewer node names                                        ; On                 ; On                 ;
; Intel FPGA IP Evaluation Mode                                    ; Enable             ; Enable             ;
; Verilog Version                                                  ; Verilog_2001       ; Verilog_2001       ;
; VHDL Version                                                     ; VHDL_1993          ; VHDL_1993          ;
; State Machine Processing                                         ; Auto               ; Auto               ;
; Safe State Machine                                               ; Off                ; Off                ;
; Extract Verilog State Machines                                   ; On                 ; On                 ;
; Extract VHDL State Machines                                      ; On                 ; On                 ;
; Ignore Verilog initial constructs                                ; Off                ; Off                ;
; Iteration limit for constant Verilog loops                       ; 5000               ; 5000               ;
; Iteration limit for non-constant Verilog loops                   ; 250                ; 250                ;
; Add Pass-Through Logic to Inferred RAMs                          ; On                 ; On                 ;
; Infer RAMs from Raw Logic                                        ; On                 ; On                 ;
; Parallel Synthesis                                               ; On                 ; On                 ;
; DSP Block Balancing                                              ; Auto               ; Auto               ;
; NOT Gate Push-Back                                               ; On                 ; On                 ;
; Power-Up Don't Care                                              ; On                 ; On                 ;
; Remove Redundant Logic Cells                                     ; Off                ; Off                ;
; Remove Duplicate Registers                                       ; On                 ; On                 ;
; Ignore CARRY Buffers                                             ; Off                ; Off                ;
; Ignore CASCADE Buffers                                           ; Off                ; Off                ;
; Ignore GLOBAL Buffers                                            ; Off                ; Off                ;
; Ignore ROW GLOBAL Buffers                                        ; Off                ; Off                ;
; Ignore LCELL Buffers                                             ; Off                ; Off                ;
; Ignore SOFT Buffers                                              ; On                 ; On                 ;
; Limit AHDL Integers to 32 Bits                                   ; Off                ; Off                ;
; Optimization Technique                                           ; Balanced           ; Balanced           ;
; Carry Chain Length                                               ; 70                 ; 70                 ;
; Auto Carry Chains                                                ; On                 ; On                 ;
; Auto Open-Drain Pins                                             ; On                 ; On                 ;
; Perform WYSIWYG Primitive Resynthesis                            ; Off                ; Off                ;
; Auto ROM Replacement                                             ; On                 ; On                 ;
; Auto RAM Replacement                                             ; On                 ; On                 ;
; Auto DSP Block Replacement                                       ; On                 ; On                 ;
; Auto Shift Register Replacement                                  ; Auto               ; Auto               ;
; Allow Shift Register Merging across Hierarchies                  ; Auto               ; Auto               ;
; Auto Clock Enable Replacement                                    ; On                 ; On                 ;
; Strict RAM Replacement                                           ; Off                ; Off                ;
; Allow Synchronous Control Signals                                ; On                 ; On                 ;
; Force Use of Synchronous Clear Signals                           ; Off                ; Off                ;
; Auto RAM Block Balancing                                         ; On                 ; On                 ;
; Auto RAM to Logic Cell Conversion                                ; Off                ; Off                ;
; Auto Resource Sharing                                            ; Off                ; Off                ;
; Allow Any RAM Size For Recognition                               ; Off                ; Off                ;
; Allow Any ROM Size For Recognition                               ; Off                ; Off                ;
; Allow Any Shift Register Size For Recognition                    ; Off                ; Off                ;
; Use LogicLock Constraints during Resource Balancing              ; On                 ; On                 ;
; Ignore translate_off and synthesis_off directives                ; Off                ; Off                ;
; Timing-Driven Synthesis                                          ; On                 ; On                 ;
; Report Parameter Settings                                        ; On                 ; On                 ;
; Report Source Assignments                                        ; On                 ; On                 ;
; Report Connectivity Checks                                       ; On                 ; On                 ;
; Ignore Maximum Fan-Out Assignments                               ; Off                ; Off                ;
; Synchronization Register Chain Length                            ; 2                  ; 2                  ;
; Power Optimization During Synthesis                              ; Normal compilation ; Normal compilation ;
; HDL message level                                                ; Level2             ; Level2             ;
; Suppress Register Optimization Related Messages                  ; Off                ; Off                ;
; Number of Removed Registers Reported in Synthesis Report         ; 5000               ; 5000               ;
; Number of Swept Nodes Reported in Synthesis Report               ; 5000               ; 5000               ;
; Number of Inverted Registers Reported in Synthesis Report        ; 100                ; 100                ;
; Clock MUX Protection                                             ; On                 ; On                 ;
; Auto Gated Clock Conversion                                      ; Off                ; Off                ;
; Block Design Naming                                              ; Auto               ; Auto               ;
; SDC constraint protection                                        ; Off                ; Off                ;
; Synthesis Effort                                                 ; Auto               ; Auto               ;
; Shift Register Replacement - Allow Asynchronous Clear Signal     ; On                 ; On                 ;
; Pre-Mapping Resynthesis Optimization                             ; Off                ; Off                ;
; Analysis & Synthesis Message Level                               ; Medium             ; Medium             ;
; Disable Register Merging Across Hierarchies                      ; Auto               ; Auto               ;
; Resource Aware Inference For Block RAM                           ; On                 ; On                 ;
+------------------------------------------------------------------+--------------------+--------------------+


+------------------------------------------+
; Parallel Compilation                     ;
+----------------------------+-------------+
; Processors                 ; Number      ;
+----------------------------+-------------+
; Number detected on machine ; 8           ;
; Maximum allowed            ; 4           ;
;                            ;             ;
; Average used               ; 1.00        ;
; Maximum used               ; 4           ;
;                            ;             ;
; Usage by Processor         ; % Time Used ;
;     Processor 1            ; 100.0%      ;
;     Processors 2-4         ;   0.0%      ;
+----------------------------+-------------+


+---------------------------------------------------------------------------------------------------------------------------------------------------------------------------------------------------------------------------------+
; Analysis & Synthesis Source Files Read                                                                                                                                                                                          ;
+----------------------------------+-----------------+------------------------------------------+-----------------------------------------------------------------------------------------------------------------------+---------+
; File Name with User-Entered Path ; Used in Netlist ; File Type                                ; File Name with Absolute Path                                                                                          ; Library ;
+----------------------------------+-----------------+------------------------------------------+-----------------------------------------------------------------------------------------------------------------------+---------+
; _JohnsonCounterDFF.bdf           ; yes             ; User Block Diagram/Schematic File        ; C:/Users/grind/Desktop/projects/learn/university/circuit-design/ShiftRegister/_JohnsonCounterDFF.bdf                  ;         ;
; kp1533tm8.bdf                    ; yes             ; Auto-Found Block Diagram/Schematic File  ; c:/users/grind/desktop/projects/learn/university/circuit-design/complect-studenta/kp/1533/series_k1533/kp1533tm8.bdf  ;         ;
; kp1533lp16.bdf                   ; yes             ; Auto-Found Block Diagram/Schematic File  ; c:/users/grind/desktop/projects/learn/university/circuit-design/complect-studenta/kp/1533/series_k1533/kp1533lp16.bdf ;         ;
; kp1533la24.bdf                   ; yes             ; Auto-Found Block Diagram/Schematic File  ; c:/users/grind/desktop/projects/learn/university/circuit-design/complect-studenta/kp/1533/series_k1533/kp1533la24.bdf ;         ;
; kp1533la3.bdf                    ; yes             ; Auto-Found Block Diagram/Schematic File  ; c:/users/grind/desktop/projects/learn/university/circuit-design/complect-studenta/kp/1533/series_k1533/kp1533la3.bdf  ;         ;
; kp1533la21.bdf                   ; yes             ; Auto-Found Block Diagram/Schematic File  ; c:/users/grind/desktop/projects/learn/university/circuit-design/complect-studenta/kp/1533/series_k1533/kp1533la21.bdf ;         ;
; kp1533la4.bdf                    ; yes             ; Auto-Found Block Diagram/Schematic File  ; c:/users/grind/desktop/projects/learn/university/circuit-design/complect-studenta/kp/1533/series_k1533/kp1533la4.bdf  ;         ;
+----------------------------------+-----------------+------------------------------------------+-----------------------------------------------------------------------------------------------------------------------+---------+


+-------------------------------------------------------------------+
; Analysis & Synthesis Resource Usage Summary                       ;
+---------------------------------------------+---------------------+
; Resource                                    ; Usage               ;
+---------------------------------------------+---------------------+
; Estimated Total logic elements              ; 12                  ;
;                                             ;                     ;
; Total combinational functions               ; 12                  ;
; Logic element usage by number of LUT inputs ;                     ;
;     -- 4 input functions                    ; 6                   ;
;     -- 3 input functions                    ; 6                   ;
;     -- <=2 input functions                  ; 0                   ;
;                                             ;                     ;
; Logic elements by mode                      ;                     ;
;     -- normal mode                          ; 12                  ;
;     -- arithmetic mode                      ; 0                   ;
;                                             ;                     ;
; Total registers                             ; 10                  ;
;     -- Dedicated logic registers            ; 10                  ;
;     -- I/O registers                        ; 0                   ;
;                                             ;                     ;
; I/O pins                                    ; 11                  ;
;                                             ;                     ;
; Embedded Multiplier 9-bit elements          ; 0                   ;
;                                             ;                     ;
; Maximum fan-out node                        ; KP1533TM8:DD1|inst1 ;
; Maximum fan-out                             ; 11                  ;
; Total fan-out                               ; 92                  ;
; Average fan-out                             ; 2.09                ;
+---------------------------------------------+---------------------+


+--------------------------------------------------------------------------------------------------------------------------------------------------------------------------------------------------------------------------------+
; Analysis & Synthesis Resource Utilization by Entity                                                                                                                                                                            ;
+----------------------------+---------------------+---------------------------+-------------+--------------+---------+-----------+------+--------------+------------------------------------+--------------------+--------------+
; Compilation Hierarchy Node ; Combinational ALUTs ; Dedicated Logic Registers ; Memory Bits ; DSP Elements ; DSP 9x9 ; DSP 18x18 ; Pins ; Virtual Pins ; Full Hierarchy Name                ; Entity Name        ; Library Name ;
+----------------------------+---------------------+---------------------------+-------------+--------------+---------+-----------+------+--------------+------------------------------------+--------------------+--------------+
; |_JohnsonCounterDFF        ; 12 (0)              ; 10 (0)                    ; 0           ; 0            ; 0       ; 0         ; 11   ; 0            ; |_JohnsonCounterDFF                ; _JohnsonCounterDFF ; work         ;
;    |KP1533LA21:DD4|        ; 4 (4)               ; 0 (0)                     ; 0           ; 0            ; 0       ; 0         ; 0    ; 0            ; |_JohnsonCounterDFF|KP1533LA21:DD4 ; KP1533LA21         ; work         ;
;    |KP1533LA24:DD5|        ; 4 (4)               ; 0 (0)                     ; 0           ; 0            ; 0       ; 0         ; 0    ; 0            ; |_JohnsonCounterDFF|KP1533LA24:DD5 ; KP1533LA24         ; work         ;
;    |KP1533LA24:DD6|        ; 4 (4)               ; 0 (0)                     ; 0           ; 0            ; 0       ; 0         ; 0    ; 0            ; |_JohnsonCounterDFF|KP1533LA24:DD6 ; KP1533LA24         ; work         ;
;    |KP1533TM8:DD1|         ; 0 (0)               ; 2 (2)                     ; 0           ; 0            ; 0       ; 0         ; 0    ; 0            ; |_JohnsonCounterDFF|KP1533TM8:DD1  ; KP1533TM8          ; work         ;
;    |KP1533TM8:DD2|         ; 0 (0)               ; 4 (4)                     ; 0           ; 0            ; 0       ; 0         ; 0    ; 0            ; |_JohnsonCounterDFF|KP1533TM8:DD2  ; KP1533TM8          ; work         ;
;    |KP1533TM8:DD3|         ; 0 (0)               ; 4 (4)                     ; 0           ; 0            ; 0       ; 0         ; 0    ; 0            ; |_JohnsonCounterDFF|KP1533TM8:DD3  ; KP1533TM8          ; work         ;
+----------------------------+---------------------+---------------------------+-------------+--------------+---------+-----------+------+--------------+------------------------------------+--------------------+--------------+
Note: For table entries with two numbers listed, the numbers in parentheses indicate the number of resources of the given type used by the specific entity alone. The numbers listed outside of parentheses indicate the total resources of the given type used by the specific entity and all of its sub-entities in the hierarchy.


+------------------------------------------------------+
; General Register Statistics                          ;
+----------------------------------------------+-------+
; Statistic                                    ; Value ;
+----------------------------------------------+-------+
; Total registers                              ; 10    ;
; Number of registers using Synchronous Clear  ; 0     ;
; Number of registers using Synchronous Load   ; 0     ;
; Number of registers using Asynchronous Clear ; 10    ;
; Number of registers using Asynchronous Load  ; 0     ;
; Number of registers using Clock Enable       ; 0     ;
; Number of registers using Preset             ; 0     ;
+----------------------------------------------+-------+


+-----------------------------------------------------+
; Post-Synthesis Netlist Statistics for Top Partition ;
+-----------------------+-----------------------------+
; Type                  ; Count                       ;
+-----------------------+-----------------------------+
; boundary_port         ; 11                          ;
; cycloneiii_ff         ; 10                          ;
;     CLR               ; 10                          ;
; cycloneiii_lcell_comb ; 12                          ;
;     normal            ; 12                          ;
;         3 data inputs ; 6                           ;
;         4 data inputs ; 6                           ;
;                       ;                             ;
; Max LUT depth         ; 2.00                        ;
; Average LUT depth     ; 1.33                        ;
+-----------------------+-----------------------------+


+-------------------------------+
; Elapsed Time Per Partition    ;
+----------------+--------------+
; Partition Name ; Elapsed Time ;
+----------------+--------------+
; Top            ; 00:00:00     ;
+----------------+--------------+


+-------------------------------+
; Analysis & Synthesis Messages ;
+-------------------------------+
Info: *******************************************************************
Info: Running Quartus Prime Analysis & Synthesis
    Info: Version 19.1.0 Build 670 09/22/2019 SJ Lite Edition
    Info: Processing started: Thu Jun 03 16:17:20 2021
Info: Command: quartus_map --read_settings_files=on --write_settings_files=off JohnsonCounter -c JohnsonCounter
Warning (18236): Number of processors has not been specified which may cause overloading on shared machines.  Set the global assignment NUM_PARALLEL_PROCESSORS in your QSF to an appropriate value for best performance.
Info (20030): Parallel compilation is enabled and will use 4 of the 4 processors detected
Info (12021): Found 1 design units, including 1 entities, in source file _sr.bdf
    Info (12023): Found entity 1: _SR
Info (12021): Found 1 design units, including 1 entities, in source file _pk_nand.bdf
    Info (12023): Found entity 1: _PK_NAND
Info (12021): Found 1 design units, including 1 entities, in source file _johnsoncounterjkff.bdf
    Info (12023): Found entity 1: _JohnsonCounterJKFF
Info (12021): Found 1 design units, including 1 entities, in source file _johnsoncounterdff.bdf
    Info (12023): Found entity 1: _JohnsonCounterDFF
Info (12021): Found 1 design units, including 1 entities, in source file test.bdf
    Info (12023): Found entity 1: test
Info (12021): Found 1 design units, including 1 entities, in source file johnsoncounterdff.bdf
    Info (12023): Found entity 1: JohnsonCounterDFF
Info (12021): Found 1 design units, including 1 entities, in source file johnsoncounterjkff.bdf
    Info (12023): Found entity 1: JohnsonCounterJKFF
Info (12021): Found 1 design units, including 1 entities, in source file pk_nand.bdf
    Info (12023): Found entity 1: PK_NAND
Info (12127): Elaborating entity "_JohnsonCounterDFF" for the top level hierarchy
Warning (12125): Using design file /users/grind/desktop/projects/learn/university/circuit-design/complect-studenta/kp/1533/series_k1533/kp1533tm8.bdf, which is not specified as a design file for the current project, but contains definitions for 1 design units and 1 entities in project
    Info (12023): Found entity 1: KP1533TM8
Info (12128): Elaborating entity "KP1533TM8" for hierarchy "KP1533TM8:DD3"
Warning (12125): Using design file /users/grind/desktop/projects/learn/university/circuit-design/complect-studenta/kp/1533/series_k1533/kp1533lp16.bdf, which is not specified as a design file for the current project, but contains definitions for 1 design units and 1 entities in project
    Info (12023): Found entity 1: KP1533LP16
Info (12128): Elaborating entity "KP1533LP16" for hierarchy "KP1533LP16:DD13"
Warning (12125): Using design file /users/grind/desktop/projects/learn/university/circuit-design/complect-studenta/kp/1533/series_k1533/kp1533la24.bdf, which is not specified as a design file for the current project, but contains definitions for 1 design units and 1 entities in project
    Info (12023): Found entity 1: KP1533LA24
Info (12128): Elaborating entity "KP1533LA24" for hierarchy "KP1533LA24:DD6"
Warning (12125): Using design file /users/grind/desktop/projects/learn/university/circuit-design/complect-studenta/kp/1533/series_k1533/kp1533la3.bdf, which is not specified as a design file for the current project, but contains definitions for 1 design units and 1 entities in project
    Info (12023): Found entity 1: KP1533LA3
Info (12128): Elaborating entity "KP1533LA3" for hierarchy "KP1533LA3:DD9"
Warning (12125): Using design file /users/grind/desktop/projects/learn/university/circuit-design/complect-studenta/kp/1533/series_k1533/kp1533la21.bdf, which is not specified as a design file for the current project, but contains definitions for 1 design units and 1 entities in project
    Info (12023): Found entity 1: KP1533LA21
Info (12128): Elaborating entity "KP1533LA21" for hierarchy "KP1533LA21:DD4"
Warning (12125): Using design file /users/grind/desktop/projects/learn/university/circuit-design/complect-studenta/kp/1533/series_k1533/kp1533la4.bdf, which is not specified as a design file for the current project, but contains definitions for 1 design units and 1 entities in project
    Info (12023): Found entity 1: KP1533LA4
Info (12128): Elaborating entity "KP1533LA4" for hierarchy "KP1533LA4:DD7"
Info (286030): Timing-Driven Synthesis is running
Info (16010): Generating hard_block partition "hard_block:auto_generated_inst"
    Info (16011): Adding 0 node(s), including 0 DDIO, 0 PLL, 0 transceiver and 0 LCELL
Info (21057): Implemented 23 device resources after synthesis - the final resource count might be different
    Info (21058): Implemented 2 input pins
    Info (21059): Implemented 9 output pins
    Info (21061): Implemented 12 logic cells
Info: Quartus Prime Analysis & Synthesis was successful. 0 errors, 7 warnings
    Info: Peak virtual memory: 4757 megabytes
    Info: Processing ended: Thu Jun 03 16:17:31 2021
    Info: Elapsed time: 00:00:11
    Info: Total CPU time (on all processors): 00:00:23


